TN:
SF:server/app.ts
FN:17,createApp
FN:20,resolveAuth
FNF:2
FNH:2
FNDA:62,createApp
FNDA:1,resolveAuth
DA:1,1
DA:2,1
DA:3,1
DA:4,1
DA:5,1
DA:7,1
DA:8,1
DA:9,1
DA:10,1
DA:11,1
DA:12,1
DA:13,1
DA:14,1
DA:17,1
DA:18,62
DA:19,62
DA:20,62
DA:21,1
DA:22,1
DA:23,1
DA:24,1
DA:25,1
DA:26,1
DA:27,1
DA:28,1
DA:29,1
DA:30,1
DA:31,1
DA:32,1
DA:33,1
DA:34,1
DA:35,0
DA:36,0
DA:37,1
DA:38,1
DA:39,1
DA:40,1
DA:41,1
DA:42,0
DA:43,0
DA:44,0
DA:45,0
DA:46,0
DA:47,0
DA:48,1
DA:52,1
DA:53,1
DA:54,0
DA:55,0
DA:56,0
DA:57,0
DA:58,0
DA:59,0
DA:60,0
DA:61,0
DA:62,0
DA:63,0
DA:64,0
DA:65,0
DA:66,0
DA:67,0
DA:68,0
DA:69,0
DA:70,1
DA:71,62
DA:72,1
DA:73,1
DA:74,1
DA:75,0
DA:76,0
DA:77,1
DA:78,62
DA:79,62
DA:80,62
DA:81,62
DA:82,1
DA:83,1
DA:84,1
DA:85,1
DA:86,1
DA:87,1
DA:88,0
DA:89,0
DA:90,1
DA:91,1
DA:92,1
DA:93,1
DA:94,1
DA:95,1
DA:96,1
DA:97,0
DA:98,0
DA:99,1
DA:100,0
DA:101,0
DA:102,0
DA:103,0
DA:104,0
DA:105,0
DA:106,0
DA:107,0
DA:108,0
DA:109,0
DA:110,0
DA:111,0
DA:112,0
DA:113,0
DA:114,0
DA:115,0
DA:116,0
DA:117,0
DA:118,0
DA:119,0
DA:120,0
DA:121,1
DA:122,1
DA:123,1
DA:124,1
DA:125,1
DA:126,0
DA:127,0
DA:128,0
DA:129,0
DA:133,0
DA:134,0
DA:135,0
DA:136,0
DA:137,0
DA:139,0
DA:140,0
DA:141,0
DA:142,0
DA:143,1
DA:144,1
DA:145,1
DA:146,1
DA:147,1
DA:148,1
DA:149,1
DA:150,1
DA:151,62
DA:152,62
DA:155,62
DA:156,62
DA:157,0
DA:158,62
DA:160,62
DA:161,62
LF:148
LH:83
BRDA:17,0,0,62
BRDA:20,1,0,1
BRDA:23,2,0,0
BRDA:23,3,0,0
BRDA:32,4,0,0
BRDA:34,5,0,0
BRDA:34,6,0,0
BRDA:41,7,0,0
BRDA:48,8,0,0
BRDA:53,9,0,0
BRDA:53,10,0,0
BRDA:71,11,0,1
BRDA:74,12,0,0
BRDA:80,13,0,1
BRDA:81,14,0,1
BRDA:86,15,0,0
BRDA:87,16,0,0
BRDA:90,17,0,0
BRDA:92,18,0,0
BRDA:95,19,0,0
BRDA:96,20,0,0
BRDA:96,21,0,0
BRDA:99,22,0,0
BRDA:125,23,0,0
BRDA:125,24,0,0
BRDA:143,25,0,0
BRDA:145,26,0,0
BRDA:148,27,0,0
BRF:28
BRH:5
end_of_record
TN:
SF:server/contract/schemas.ts
FNF:0
FNH:0
DA:1,1
DA:4,1
DA:5,1
DA:6,1
DA:7,1
DA:8,1
DA:9,1
DA:10,1
DA:11,1
DA:12,1
DA:13,1
DA:14,1
DA:15,1
DA:16,1
DA:17,1
DA:18,1
DA:19,1
LF:17
LH:17
BRF:0
BRH:0
end_of_record
TN:
SF:server/db/better-sqlite-adapter.ts
FN:4,createBetterSqliteAdapter
FN:6,queryOne
FN:13,queryAll
FN:20,execute
FNF:4
FNH:4
FNDA:62,createBetterSqliteAdapter
FNDA:1206,queryOne
FNDA:62,queryAll
FNDA:261,execute
DA:1,1
DA:4,1
DA:5,62
DA:6,62
DA:7,1206
DA:8,1206
DA:9,1206
DA:10,1206
DA:11,1206
DA:12,1206
DA:13,62
DA:14,62
DA:15,62
DA:16,62
DA:17,62
DA:18,62
DA:19,62
DA:20,62
DA:21,261
DA:22,261
DA:23,261
DA:24,62
DA:25,62
LF:23
LH:23
BRDA:4,0,0,62
BRDA:6,1,0,1206
BRDA:11,2,0,452
BRDA:13,3,0,62
BRDA:20,4,0,261
BRF:5
BRH:5
end_of_record
TN:
SF:server/db/d1-adapter.ts
FN:1,(empty-report)
FNF:1
FNH:1
FNDA:1,(empty-report)
DA:3,0
DA:4,0
DA:5,0
DA:6,0
DA:7,0
DA:8,0
DA:9,0
DA:10,0
DA:11,0
DA:12,0
DA:13,0
DA:14,0
DA:15,0
DA:16,0
DA:17,0
DA:18,0
DA:19,0
DA:20,0
DA:21,0
DA:22,0
DA:23,0
DA:24,0
DA:25,0
DA:26,0
DA:27,0
LF:25
LH:0
BRDA:1,0,0,1
BRF:1
BRH:1
end_of_record
TN:
SF:server/db/migrate.ts
FN:7,splitSqlStatements
FN:15,appliedVersionSync
FN:29,migrateBetterSqlite
FN:40,migrateBetterSqliteFromDir
FNF:4
FNH:4
FNDA:124,splitSqlStatements
FNDA:124,appliedVersionSync
FNDA:124,migrateBetterSqlite
FNDA:62,migrateBetterSqliteFromDir
DA:2,1
DA:3,1
DA:5,1
DA:7,124
DA:8,124
DA:9,124
DA:10,124
DA:11,124
DA:12,124
DA:13,124
DA:15,124
DA:16,124
DA:17,124
DA:18,124
DA:19,124
DA:20,124
DA:21,124
DA:22,62
DA:23,62
DA:24,62
DA:25,124
DA:26,124
DA:29,1
DA:30,124
DA:31,930
DA:32,930
DA:33,124
DA:40,1
DA:41,62
DA:42,0
DA:43,0
DA:44,62
DA:45,62
DA:46,62
DA:47,62
DA:48,0
DA:49,0
DA:50,0
DA:51,0
DA:52,62
DA:53,124
DA:54,124
DA:55,124
DA:56,124
DA:57,124
DA:58,124
DA:59,124
DA:60,124
DA:61,62
LF:49
LH:43
BRDA:7,0,0,124
BRDA:10,1,0,1054
BRDA:12,2,0,930
BRDA:12,3,0,0
BRDA:15,4,0,124
BRDA:21,5,0,62
BRDA:25,6,0,0
BRDA:29,7,0,124
BRDA:30,8,0,930
BRDA:40,9,0,62
BRDA:41,10,0,0
BRDA:47,11,0,0
BRDA:52,12,0,124
BRDA:54,13,0,0
BRDA:55,14,0,0
BRDA:57,15,0,0
BRDA:45,16,0,124
BRDA:46,17,0,62
BRF:18
BRH:11
end_of_record
TN:
SF:server/db/repository.ts
FN:47,parseStringField
FN:52,parseCustomProfile
FN:61,isoToUnixSec
FN:68,unixSecToIso
FN:73,parseMemoCommentFromInboxMessage
FN:183,mapUserRow
FN:231,mapMemoRow
FN:273,mapAttachmentRow
FN:290,createRepository
FN:291,memoDisplayWithUpdateTime
FN:304,resolveMemoInternalId
FN:311,lookupMemoUidsForInternalIds
FN:324,fetchMemoCommentNotificationForUser
FN:371,getSecretKey
FN:378,setSecretKey
FN:386,ensureSecretKey
FN:394,getGeneralSetting
FN:425,upsertGeneralSetting
FN:463,getInstanceSettingRaw
FN:471,upsertInstanceSettingRaw
FN:479,getMemoRelatedDisplayWithUpdateTime
FN:490,userCount
FN:497,findAdmin
FN:504,getUser
FN:512,getUserAnyState
FN:520,getUserInternalId
FN:528,getUserByInternalId
FN:536,createUser
FN:559,listUsers
FN:567,updateUser
FN:619,renameUser
FN:633,softDeleteUser
FN:640,addRefreshSession
FN:660,getRefreshTokenRecord
FN:677,deleteRefreshToken
FN:688,deleteRefreshSessionsForUser
FN:696,listPats
FN:712,createPat
FN:732,deletePat
FN:746,findUserByPat
FN:763,listIdentityProviders
FN:769,getIdentityProviderByUid
FN:777,createIdentityProvider
FN:791,updateIdentityProvider
FN:807,deleteIdentityProvider
FN:812,createMemo
FN:921,getMemoById
FN:930,updateMemo
FN:1022,hardDeleteMemo
FN:1041,archiveMemo
FN:1048,listTopLevelMemosForUserStats
FN:1097,listMemosTopLevel
FN:1160,listCommentsForMemo
FN:1176,setMemoRelations
FN:1193,listMemoRelations
FN:1209,upsertReaction
FN:1232,listReactions
FN:1255,deleteReaction
FN:1264,createShare
FN:1290,listShares
FN:1311,deleteShareByName
FN:1321,getMemoIdByShareToken
FN:1340,createAttachment
FN:1390,listAttachments
FN:1429,getAttachmentByUid
FN:1442,updateAttachment
FN:1466,deleteAttachment
FN:1471,setMemoAttachments
FN:1483,listShortcuts
FN:1500,createShortcut
FN:1520,updateShortcut
FN:1539,deleteShortcut
FN:1553,getUserSetting
FN:1563,upsertUserSetting
FN:1572,listUserSettings
FN:1581,listWebhooks
FN:1586,createWebhook
FN:1594,updateWebhook
FN:1630,deleteWebhook
FN:1638,listNotifications
FN:1679,updateNotificationStatus
FN:1694,deleteNotification
FN:1703,listUserIdentities
FN:1710,getUserIdentity
FN:1718,upsertUserIdentity
FN:1732,deleteUserIdentity
FNF:86
FNH:63
FNDA:40,parseStringField
FNDA:8,parseCustomProfile
FNDA:0,isoToUnixSec
FNDA:980,unixSecToIso
FNDA:8,parseMemoCommentFromInboxMessage
FNDA:350,mapUserRow
FNDA:86,mapMemoRow
FNDA:2,mapAttachmentRow
FNDA:682,createRepository
FNDA:88,memoDisplayWithUpdateTime
FNDA:57,resolveMemoInternalId
FNDA:9,lookupMemoUidsForInternalIds
FNDA:2,fetchMemoCommentNotificationForUser
FNDA:0,getSecretKey
FNDA:0,setSecretKey
FNDA:0,ensureSecretKey
FNDA:184,getGeneralSetting
FNDA:4,upsertGeneralSetting
FNDA:16,getInstanceSettingRaw
FNDA:6,upsertInstanceSettingRaw
FNDA:2,getMemoRelatedDisplayWithUpdateTime
FNDA:84,userCount
FNDA:1,findAdmin
FNDA:254,getUser
FNDA:6,getUserAnyState
FNDA:76,getUserInternalId
FNDA:168,getUserByInternalId
FNDA:82,createUser
FNDA:3,listUsers
FNDA:6,updateUser
FNDA:1,renameUser
FNDA:0,softDeleteUser
FNDA:76,addRefreshSession
FNDA:0,getRefreshTokenRecord
FNDA:0,deleteRefreshToken
FNDA:0,deleteRefreshSessionsForUser
FNDA:0,listPats
FNDA:1,createPat
FNDA:0,deletePat
FNDA:1,findUserByPat
FNDA:0,listIdentityProviders
FNDA:0,getIdentityProviderByUid
FNDA:0,createIdentityProvider
FNDA:0,updateIdentityProvider
FNDA:0,deleteIdentityProvider
FNDA:43,createMemo
FNDA:34,getMemoById
FNDA:1,updateMemo
FNDA:1,hardDeleteMemo
FNDA:2,archiveMemo
FNDA:2,listTopLevelMemosForUserStats
FNDA:8,listMemosTopLevel
FNDA:1,listCommentsForMemo
FNDA:1,setMemoRelations
FNDA:1,listMemoRelations
FNDA:1,upsertReaction
FNDA:4,listReactions
FNDA:1,deleteReaction
FNDA:1,createShare
FNDA:1,listShares
FNDA:0,deleteShareByName
FNDA:1,getMemoIdByShareToken
FNDA:1,createAttachment
FNDA:25,listAttachments
FNDA:1,getAttachmentByUid
FNDA:0,updateAttachment
FNDA:0,deleteAttachment
FNDA:1,setMemoAttachments
FNDA:5,listShortcuts
FNDA:2,createShortcut
FNDA:1,updateShortcut
FNDA:1,deleteShortcut
FNDA:105,getUserSetting
FNDA:88,upsertUserSetting
FNDA:2,listUserSettings
FNDA:11,listWebhooks
FNDA:4,createWebhook
FNDA:1,updateWebhook
FNDA:1,deleteWebhook
FNDA:7,listNotifications
FNDA:2,updateNotificationStatus
FNDA:0,deleteNotification
FNDA:0,listUserIdentities
FNDA:0,getUserIdentity
FNDA:0,upsertUserIdentity
FNDA:0,deleteUserIdentity
DA:3,1
DA:4,1
DA:5,1
DA:12,1
DA:18,1
DA:30,1
DA:31,1
DA:32,1
DA:33,1
DA:34,1
DA:36,1
DA:37,1
DA:38,1
DA:39,1
DA:40,1
DA:41,1
DA:42,1
DA:43,1
DA:44,1
DA:45,1
DA:47,40
DA:48,40
DA:49,40
DA:50,40
DA:52,8
DA:53,8
DA:54,8
DA:55,8
DA:56,8
DA:57,8
DA:58,8
DA:59,8
DA:61,0
DA:62,0
DA:63,0
DA:66,1
DA:68,980
DA:69,980
DA:70,980
DA:71,980
DA:73,8
DA:74,8
DA:75,8
DA:76,8
DA:77,8
DA:78,8
DA:79,8
DA:80,8
DA:81,8
DA:82,8
DA:83,8
DA:84,8
DA:85,8
DA:86,0
DA:87,0
DA:88,8
DA:183,350
DA:184,350
DA:185,350
DA:186,350
DA:187,350
DA:188,350
DA:189,350
DA:190,350
DA:191,350
DA:192,350
DA:193,350
DA:194,350
DA:195,350
DA:196,350
DA:197,350
DA:231,86
DA:232,86
DA:233,86
DA:234,86
DA:235,86
DA:236,86
DA:237,86
DA:238,86
DA:239,86
DA:240,86
DA:241,86
DA:242,86
DA:243,86
DA:244,86
DA:245,86
DA:246,86
DA:247,86
DA:248,86
DA:249,86
DA:250,86
DA:251,0
DA:252,86
DA:253,86
DA:254,86
DA:255,86
DA:256,86
DA:257,86
DA:258,86
DA:259,86
DA:260,86
DA:261,86
DA:262,86
DA:263,86
DA:264,86
DA:265,86
DA:266,86
DA:267,86
DA:268,86
DA:269,86
DA:270,86
DA:271,86
DA:273,2
DA:274,2
DA:275,2
DA:276,2
DA:277,2
DA:278,2
DA:279,2
DA:280,2
DA:281,2
DA:282,2
DA:283,2
DA:284,2
DA:285,2
DA:286,2
DA:287,2
DA:288,2
DA:290,1
DA:291,682
DA:292,88
DA:293,88
DA:294,88
DA:295,88
DA:296,0
DA:297,0
DA:298,0
DA:299,0
DA:300,0
DA:301,0
DA:302,88
DA:304,682
DA:305,57
DA:306,57
DA:307,57
DA:308,57
DA:309,57
DA:311,682
DA:312,9
DA:313,9
DA:314,9
DA:315,8
DA:316,8
DA:317,8
DA:318,8
DA:319,8
DA:320,8
DA:321,8
DA:322,9
DA:324,682
DA:325,2
DA:326,2
DA:327,2
DA:328,2
DA:335,2
DA:341,2
DA:342,2
DA:343,2
DA:344,2
DA:345,2
DA:346,2
DA:347,2
DA:348,2
DA:349,2
DA:350,2
DA:351,2
DA:352,2
DA:353,2
DA:354,2
DA:355,2
DA:357,682
DA:362,682
DA:365,682
DA:368,682
DA:369,682
DA:371,682
DA:372,0
DA:373,0
DA:374,0
DA:375,0
DA:376,0
DA:378,682
DA:379,0
DA:380,0
DA:382,0
DA:383,0
DA:384,0
DA:386,682
DA:387,0
DA:388,0
DA:389,0
DA:390,0
DA:391,0
DA:392,0
DA:394,682
DA:395,184
DA:396,184
DA:397,184
DA:398,184
DA:399,8
DA:400,8
DA:401,35
DA:402,184
DA:403,184
DA:404,184
DA:405,184
DA:406,184
DA:407,184
DA:408,184
DA:409,184
DA:410,184
DA:411,184
DA:412,184
DA:413,184
DA:414,184
DA:415,184
DA:416,184
DA:417,184
DA:418,184
DA:419,184
DA:420,184
DA:421,0
DA:422,0
DA:423,184
DA:425,682
DA:426,4
DA:427,4
DA:428,4
DA:429,1
DA:430,1
DA:431,4
DA:432,1
DA:433,1
DA:434,4
DA:435,1
DA:436,1
DA:437,4
DA:438,1
DA:439,1
DA:440,4
DA:441,1
DA:442,1
DA:443,1
DA:444,1
DA:445,1
DA:446,1
DA:447,4
DA:448,1
DA:449,1
DA:450,4
DA:451,0
DA:452,0
DA:453,4
DA:454,0
DA:455,0
DA:456,4
DA:457,4
DA:459,4
DA:460,4
DA:461,4
DA:463,682
DA:464,16
DA:465,16
DA:466,16
DA:467,16
DA:468,16
DA:469,16
DA:471,682
DA:472,6
DA:473,6
DA:475,6
DA:476,6
DA:477,6
DA:479,682
DA:480,2
DA:481,2
DA:482,0
DA:483,0
DA:484,0
DA:485,0
DA:486,0
DA:487,0
DA:488,2
DA:490,682
DA:491,84
DA:492,84
DA:493,84
DA:494,84
DA:495,84
DA:497,682
DA:498,1
DA:499,1
DA:500,1
DA:501,1
DA:502,1
DA:504,682
DA:505,254
DA:506,254
DA:507,254
DA:508,254
DA:509,254
DA:510,254
DA:512,682
DA:513,6
DA:514,6
DA:515,6
DA:516,6
DA:517,6
DA:518,6
DA:520,682
DA:521,76
DA:522,76
DA:523,76
DA:524,76
DA:525,76
DA:526,76
DA:528,682
DA:529,168
DA:530,168
DA:531,168
DA:532,168
DA:533,168
DA:534,168
DA:536,682
DA:542,82
DA:543,82
DA:544,82
DA:546,82
DA:547,82
DA:548,82
DA:549,82
DA:550,82
DA:551,82
DA:552,82
DA:553,82
DA:554,82
DA:555,82
DA:556,82
DA:557,82
DA:559,682
DA:560,3
DA:561,3
DA:562,3
DA:563,3
DA:564,3
DA:565,3
DA:567,682
DA:568,6
DA:569,6
DA:578,6
DA:579,6
DA:580,6
DA:581,6
DA:582,1
DA:583,1
DA:584,1
DA:585,6
DA:586,0
DA:587,0
DA:588,0
DA:589,6
DA:590,0
DA:591,0
DA:592,0
DA:593,6
DA:594,0
DA:595,0
DA:596,0
DA:597,6
DA:598,0
DA:599,0
DA:600,0
DA:601,6
DA:602,1
DA:603,1
DA:604,1
DA:605,6
DA:606,2
DA:607,2
DA:608,2
DA:609,6
DA:610,6
DA:611,6
DA:612,4
DA:613,4
DA:614,4
DA:615,4
DA:616,6
DA:619,682
DA:620,1
DA:621,1
DA:622,1
DA:623,1
DA:624,1
DA:625,0
DA:626,0
DA:627,1
DA:628,1
DA:629,1
DA:630,1
DA:631,1
DA:633,682
DA:634,0
DA:635,0
DA:636,0
DA:637,0
DA:638,0
DA:640,682
DA:645,76
DA:646,76
DA:647,76
DA:648,76
DA:649,76
DA:650,76
DA:651,76
DA:652,76
DA:653,76
DA:654,76
DA:655,76
DA:656,76
DA:657,76
DA:658,76
DA:660,682
DA:661,0
DA:662,0
DA:663,0
DA:664,0
DA:665,0
DA:668,0
DA:669,0
DA:670,0
DA:671,0
DA:672,0
DA:673,0
DA:674,0
DA:675,0
DA:677,682
DA:678,0
DA:679,0
DA:680,0
DA:681,0
DA:682,0
DA:683,0
DA:684,0
DA:685,0
DA:686,0
DA:688,682
DA:689,0
DA:690,0
DA:691,0
DA:692,0
DA:693,0
DA:694,0
DA:696,682
DA:697,0
DA:698,0
DA:699,0
DA:700,0
DA:701,0
DA:702,0
DA:703,0
DA:704,0
DA:705,0
DA:706,0
DA:707,0
DA:708,0
DA:709,0
DA:710,0
DA:712,682
DA:713,1
DA:714,1
DA:715,1
DA:716,1
DA:717,1
DA:718,1
DA:719,1
DA:720,1
DA:721,1
DA:722,1
DA:723,1
DA:724,1
DA:725,1
DA:726,1
DA:727,1
DA:728,1
DA:729,1
DA:730,1
DA:732,682
DA:733,0
DA:734,0
DA:735,0
DA:736,0
DA:737,0
DA:738,0
DA:739,0
DA:740,0
DA:741,0
DA:742,0
DA:743,0
DA:744,0
DA:746,682
DA:747,1
DA:748,1
DA:749,1
DA:758,1
DA:759,1
DA:760,1
DA:761,1
DA:763,682
DA:764,0
DA:765,0
DA:766,0
DA:767,0
DA:769,682
DA:770,0
DA:771,0
DA:772,0
DA:773,0
DA:774,0
DA:775,0
DA:777,682
DA:783,0
DA:784,0
DA:785,0
DA:787,0
DA:788,0
DA:789,0
DA:791,682
DA:797,0
DA:798,0
DA:799,0
DA:802,0
DA:803,0
DA:804,0
DA:805,0
DA:807,682
DA:808,0
DA:809,0
DA:810,0
DA:812,682
DA:825,43
DA:826,43
DA:827,43
DA:828,43
DA:829,43
DA:830,43
DA:832,43
DA:833,43
DA:834,43
DA:835,43
DA:837,43
DA:838,43
DA:839,43
DA:840,3
DA:841,3
DA:842,3
DA:843,3
DA:844,3
DA:845,3
DA:847,43
DA:848,43
DA:850,43
DA:851,43
DA:852,43
DA:853,43
DA:854,43
DA:855,43
DA:856,43
DA:857,43
DA:858,43
DA:859,43
DA:860,43
DA:861,43
DA:863,43
DA:864,43
DA:866,43
DA:867,43
DA:868,9
DA:869,9
DA:870,9
DA:871,9
DA:872,9
DA:873,9
DA:874,9
DA:875,9
DA:876,9
DA:877,9
DA:878,9
DA:879,9
DA:880,9
DA:881,9
DA:882,9
DA:883,9
DA:884,0
DA:885,9
DA:886,9
DA:887,9
DA:888,9
DA:889,8
DA:890,9
DA:891,8
DA:892,8
DA:893,8
DA:894,8
DA:895,8
DA:896,8
DA:897,8
DA:898,8
DA:899,8
DA:900,8
DA:901,8
DA:902,8
DA:903,8
DA:904,8
DA:905,8
DA:906,8
DA:907,8
DA:908,8
DA:909,8
DA:910,9
DA:912,43
DA:913,43
DA:914,43
DA:915,43
DA:916,43
DA:917,43
DA:918,43
DA:919,43
DA:921,682
DA:922,34
DA:923,34
DA:924,34
DA:925,34
DA:926,34
DA:927,34
DA:928,34
DA:930,682
DA:931,1
DA:932,1
DA:946,1
DA:947,1
DA:950,1
DA:951,1
DA:952,1
DA:953,1
DA:954,1
DA:955,1
DA:956,1
DA:957,1
DA:958,1
DA:959,1
DA:960,1
DA:961,1
DA:962,0
DA:963,0
DA:964,0
DA:965,1
DA:966,0
DA:967,0
DA:968,0
DA:969,1
DA:970,0
DA:971,0
DA:972,0
DA:973,1
DA:974,1
DA:975,0
DA:976,0
DA:977,0
DA:978,0
DA:979,0
DA:980,0
DA:981,0
DA:982,0
DA:983,0
DA:984,0
DA:985,0
DA:986,0
DA:987,0
DA:988,0
DA:989,0
DA:990,0
DA:991,1
DA:992,0
DA:993,0
DA:994,0
DA:995,0
DA:996,0
DA:997,0
DA:998,0
DA:999,0
DA:1000,0
DA:1001,0
DA:1002,0
DA:1003,0
DA:1004,0
DA:1005,0
DA:1006,1
DA:1007,1
DA:1008,0
DA:1009,1
DA:1010,1
DA:1011,1
DA:1012,1
DA:1013,1
DA:1014,1
DA:1015,1
DA:1016,1
DA:1017,1
DA:1018,1
DA:1019,1
DA:1022,682
DA:1023,1
DA:1024,1
DA:1025,1
DA:1026,1
DA:1027,1
DA:1028,1
DA:1029,1
DA:1030,1
DA:1031,1
DA:1032,1
DA:1033,1
DA:1034,1
DA:1035,1
DA:1036,1
DA:1037,1
DA:1038,1
DA:1041,682
DA:1042,2
DA:1043,2
DA:1044,2
DA:1045,2
DA:1046,2
DA:1048,682
DA:1060,2
DA:1061,2
DA:1062,2
DA:1063,2
DA:1064,2
DA:1065,2
DA:1066,2
DA:1067,2
DA:1068,2
DA:1069,0
DA:1070,2
DA:1071,0
DA:1072,0
DA:1073,2
DA:1074,2
DA:1081,2
DA:1084,2
DA:1085,2
DA:1086,2
DA:1087,2
DA:1088,2
DA:1089,2
DA:1090,2
DA:1091,2
DA:1092,2
DA:1093,2
DA:1094,2
DA:1095,2
DA:1097,682
DA:1109,8
DA:1110,8
DA:1111,8
DA:1112,8
DA:1113,8
DA:1114,8
DA:1115,8
DA:1116,8
DA:1117,1
DA:1118,1
DA:1119,1
DA:1120,8
DA:1121,2
DA:1122,2
DA:1123,2
DA:1124,8
DA:1125,6
DA:1126,6
DA:1127,6
DA:1128,6
DA:1129,6
DA:1130,8
DA:1131,1
DA:1132,1
DA:1133,1
DA:1134,1
DA:1135,8
DA:1136,1
DA:1137,1
DA:1138,8
DA:1139,8
DA:1140,1
DA:1141,1
DA:1142,8
DA:1143,1
DA:1144,1
DA:1145,1
DA:1146,1
DA:1147,8
DA:1148,8
DA:1149,8
DA:1150,8
DA:1151,8
DA:1152,8
DA:1153,8
DA:1155,8
DA:1156,8
DA:1157,8
DA:1158,8
DA:1160,682
DA:1161,1
DA:1162,1
DA:1163,1
DA:1167,1
DA:1171,1
DA:1172,1
DA:1173,1
DA:1174,1
DA:1176,682
DA:1177,1
DA:1178,1
DA:1179,1
DA:1180,1
DA:1181,1
DA:1182,1
DA:1183,1
DA:1184,1
DA:1185,1
DA:1186,1
DA:1187,1
DA:1188,1
DA:1189,1
DA:1190,1
DA:1191,1
DA:1193,682
DA:1194,1
DA:1195,1
DA:1196,1
DA:1197,1
DA:1200,1
DA:1201,1
DA:1202,1
DA:1203,1
DA:1204,1
DA:1205,1
DA:1206,1
DA:1207,1
DA:1209,682
DA:1214,1
DA:1215,1
DA:1216,1
DA:1217,1
DA:1218,1
DA:1219,1
DA:1220,1
DA:1221,1
DA:1222,1
DA:1223,1
DA:1224,1
DA:1225,1
DA:1226,1
DA:1228,1
DA:1229,1
DA:1230,1
DA:1232,682
DA:1233,4
DA:1234,4
DA:1240,4
DA:1245,4
DA:1246,4
DA:1247,4
DA:1248,3
DA:1249,3
DA:1250,3
DA:1251,3
DA:1252,4
DA:1253,4
DA:1255,682
DA:1256,1
DA:1257,1
DA:1258,1
DA:1259,1
DA:1260,1
DA:1261,1
DA:1262,1
DA:1264,682
DA:1269,1
DA:1270,1
DA:1271,1
DA:1272,1
DA:1273,1
DA:1274,1
DA:1275,1
DA:1276,1
DA:1277,1
DA:1278,1
DA:1279,1
DA:1280,1
DA:1281,0
DA:1282,1
DA:1283,1
DA:1284,1
DA:1286,1
DA:1287,1
DA:1288,1
DA:1290,682
DA:1291,1
DA:1292,1
DA:1293,1
DA:1298,1
DA:1300,1
DA:1301,1
DA:1302,1
DA:1303,1
DA:1304,1
DA:1305,1
DA:1306,1
DA:1307,1
DA:1308,1
DA:1309,1
DA:1311,682
DA:1312,0
DA:1313,0
DA:1314,0
DA:1315,0
DA:1316,0
DA:1317,0
DA:1318,0
DA:1319,0
DA:1321,682
DA:1322,1
DA:1326,1
DA:1330,1
DA:1331,1
DA:1332,1
DA:1333,1
DA:1334,0
DA:1335,0
DA:1336,0
DA:1337,1
DA:1338,1
DA:1340,682
DA:1351,1
DA:1352,1
DA:1353,1
DA:1354,1
DA:1355,1
DA:1356,1
DA:1357,1
DA:1358,1
DA:1359,0
DA:1360,0
DA:1361,1
DA:1362,1
DA:1364,1
DA:1365,1
DA:1366,1
DA:1367,1
DA:1368,1
DA:1369,1
DA:1370,1
DA:1371,1
DA:1372,1
DA:1373,1
DA:1374,1
DA:1375,1
DA:1376,1
DA:1377,1
DA:1378,1
DA:1384,1
DA:1385,1
DA:1386,1
DA:1387,1
DA:1388,1
DA:1390,682
DA:1397,25
DA:1398,25
DA:1399,25
DA:1400,25
DA:1401,0
DA:1402,0
DA:1403,0
DA:1404,25
DA:1405,25
DA:1406,25
DA:1407,25
DA:1408,25
DA:1409,0
DA:1410,0
DA:1411,25
DA:1412,0
DA:1413,0
DA:1414,25
DA:1415,25
DA:1416,25
DA:1421,25
DA:1424,25
DA:1425,25
DA:1426,25
DA:1427,25
DA:1429,682
DA:1430,1
DA:1431,1
DA:1437,1
DA:1438,1
DA:1439,1
DA:1440,1
DA:1442,682
DA:1443,0
DA:1444,0
DA:1448,0
DA:1449,0
DA:1450,0
DA:1451,0
DA:1452,0
DA:1453,0
DA:1454,0
DA:1455,0
DA:1456,0
DA:1457,0
DA:1458,0
DA:1459,0
DA:1460,0
DA:1461,0
DA:1462,0
DA:1463,0
DA:1464,0
DA:1466,682
DA:1467,0
DA:1468,0
DA:1469,0
DA:1471,682
DA:1472,1
DA:1473,1
DA:1474,1
DA:1475,1
DA:1476,0
DA:1477,0
DA:1478,0
DA:1479,0
DA:1480,0
DA:1481,1
DA:1483,682
DA:1484,5
DA:1485,5
DA:1486,5
DA:1487,5
DA:1488,5
DA:1489,3
DA:1490,3
DA:1491,3
DA:1492,3
DA:1493,3
DA:1494,3
DA:1495,3
DA:1496,3
DA:1497,5
DA:1498,5
DA:1500,682
DA:1505,2
DA:1506,2
DA:1507,2
DA:1508,2
DA:1509,2
DA:1510,2
DA:1511,2
DA:1512,2
DA:1513,2
DA:1514,2
DA:1515,2
DA:1516,2
DA:1517,2
DA:1518,2
DA:1520,682
DA:1521,1
DA:1522,1
DA:1523,1
DA:1524,1
DA:1525,1
DA:1526,1
DA:1527,1
DA:1528,1
DA:1529,1
DA:1530,1
DA:1531,1
DA:1532,1
DA:1533,1
DA:1534,1
DA:1535,1
DA:1536,1
DA:1537,1
DA:1539,682
DA:1540,1
DA:1541,1
DA:1542,1
DA:1543,1
DA:1544,1
DA:1545,1
DA:1546,1
DA:1547,1
DA:1548,1
DA:1549,1
DA:1550,1
DA:1551,1
DA:1553,682
DA:1554,105
DA:1555,105
DA:1558,105
DA:1559,105
DA:1560,105
DA:1561,105
DA:1563,682
DA:1564,88
DA:1565,88
DA:1568,88
DA:1569,88
DA:1570,88
DA:1572,682
DA:1573,2
DA:1574,2
DA:1577,2
DA:1578,2
DA:1579,2
DA:1581,682
DA:1582,11
DA:1583,11
DA:1584,11
DA:1586,682
DA:1587,4
DA:1588,4
DA:1589,4
DA:1590,4
DA:1591,4
DA:1592,4
DA:1594,682
DA:1595,1
DA:1596,1
DA:1597,1
DA:1598,1
DA:1599,1
DA:1600,1
DA:1601,1
DA:1602,1
DA:1603,1
DA:1604,1
DA:1605,1
DA:1606,0
DA:1607,0
DA:1608,0
DA:1609,0
DA:1610,0
DA:1611,0
DA:1612,1
DA:1613,1
DA:1614,1
DA:1615,0
DA:1616,0
DA:1617,1
DA:1618,1
DA:1619,0
DA:1620,1
DA:1621,0
DA:1622,0
DA:1623,1
DA:1624,1
DA:1625,1
DA:1626,1
DA:1627,1
DA:1628,1
DA:1630,682
DA:1631,1
DA:1632,1
DA:1633,1
DA:1634,1
DA:1635,1
DA:1636,1
DA:1638,682
DA:1639,7
DA:1646,7
DA:1653,7
DA:1654,7
DA:1655,7
DA:1659,7
DA:1660,7
DA:1661,7
DA:1662,6
DA:1663,6
DA:1664,6
DA:1665,6
DA:1666,6
DA:1667,6
DA:1668,7
DA:1669,7
DA:1670,6
DA:1671,6
DA:1672,6
DA:1673,6
DA:1674,6
DA:1675,6
DA:1676,7
DA:1677,7
DA:1679,682
DA:1683,2
DA:1684,2
DA:1685,2
DA:1688,2
DA:1689,2
DA:1690,2
DA:1691,2
DA:1692,2
DA:1694,682
DA:1695,0
DA:1696,0
DA:1698,0
DA:1699,0
DA:1700,0
DA:1701,0
DA:1703,682
DA:1704,0
DA:1705,0
DA:1706,0
DA:1707,0
DA:1708,0
DA:1710,682
DA:1711,0
DA:1712,0
DA:1713,0
DA:1714,0
DA:1715,0
DA:1716,0
DA:1718,682
DA:1719,0
DA:1720,0
DA:1723,0
DA:1724,0
DA:1725,0
DA:1726,0
DA:1727,0
DA:1728,0
DA:1729,0
DA:1730,0
DA:1732,682
DA:1733,0
DA:1734,0
DA:1735,0
DA:1736,0
DA:1737,0
DA:1738,0
DA:1739,682
DA:1740,682
LF:1264
LH:989
BRDA:47,0,0,40
BRDA:48,1,0,0
BRDA:49,2,0,0
BRDA:52,3,0,8
BRDA:53,4,0,0
BRDA:55,5,0,0
BRDA:56,6,0,0
BRDA:57,7,0,0
BRDA:68,8,0,980
BRDA:69,9,0,0
BRDA:73,10,0,8
BRDA:78,11,0,0
BRDA:79,12,0,0
BRDA:80,13,0,0
BRDA:81,14,0,0
BRDA:82,15,0,0
BRDA:83,16,0,0
BRDA:85,17,0,0
BRDA:183,18,0,350
BRDA:188,19,0,347
BRDA:189,20,0,239
BRDA:195,21,0,1
BRDA:195,22,0,349
BRDA:231,23,0,86
BRDA:234,24,0,0
BRDA:236,25,0,1
BRDA:236,26,0,85
BRDA:249,27,0,0
BRDA:250,28,0,0
BRDA:263,29,0,76
BRDA:264,30,0,1
BRDA:264,31,0,85
BRDA:265,32,0,5
BRDA:265,33,0,81
BRDA:266,34,0,5
BRDA:266,35,0,81
BRDA:267,36,0,5
BRDA:267,37,0,81
BRDA:268,38,0,0
BRDA:273,39,0,2
BRDA:280,40,0,0
BRDA:282,41,0,0
BRDA:284,42,0,0
BRDA:285,43,0,0
BRDA:286,44,0,0
BRDA:290,45,0,682
BRDA:291,46,0,88
BRDA:295,47,0,0
BRDA:295,48,0,0
BRDA:304,49,0,57
BRDA:308,50,0,0
BRDA:311,51,0,9
BRDA:314,52,0,1
BRDA:314,53,0,8
BRDA:320,54,0,15
BRDA:313,55,0,16
BRDA:315,56,0,16
BRDA:324,57,0,2
BRDA:343,58,0,0
BRDA:345,59,0,0
BRDA:352,60,0,0
BRDA:353,61,0,0
BRDA:394,62,0,184
BRDA:398,63,0,176
BRDA:398,64,0,35
BRDA:398,65,0,8
BRDA:401,66,0,0
BRDA:404,67,0,0
BRDA:407,68,0,0
BRDA:412,69,0,8
BRDA:412,70,0,0
BRDA:414,71,0,0
BRDA:417,72,0,0
BRDA:420,73,0,0
BRDA:425,74,0,4
BRDA:428,75,0,1
BRDA:431,76,0,1
BRDA:434,77,0,1
BRDA:437,78,0,1
BRDA:440,79,0,1
BRDA:442,80,0,0
BRDA:443,81,0,0
BRDA:444,82,0,0
BRDA:447,83,0,1
BRDA:450,84,0,0
BRDA:453,85,0,0
BRDA:463,86,0,16
BRDA:468,87,0,6
BRDA:468,88,0,10
BRDA:471,89,0,6
BRDA:479,90,0,2
BRDA:481,91,0,0
BRDA:490,92,0,84
BRDA:494,93,0,0
BRDA:497,94,0,1
BRDA:501,95,0,0
BRDA:504,96,0,254
BRDA:509,97,0,172
BRDA:509,98,0,82
BRDA:512,99,0,6
BRDA:517,100,0,0
BRDA:520,101,0,76
BRDA:525,102,0,0
BRDA:528,103,0,168
BRDA:533,104,0,0
BRDA:536,105,0,82
BRDA:551,106,0,55
BRDA:555,107,0,0
BRDA:559,108,0,3
BRDA:567,109,0,6
BRDA:581,110,0,1
BRDA:583,111,0,0
BRDA:585,112,0,0
BRDA:589,113,0,0
BRDA:593,114,0,0
BRDA:597,115,0,0
BRDA:601,116,0,1
BRDA:605,117,0,2
BRDA:611,118,0,2
BRDA:611,119,0,4
BRDA:619,120,0,1
BRDA:624,121,0,0
BRDA:640,122,0,76
BRDA:712,123,0,1
BRDA:721,124,0,0
BRDA:746,125,0,1
BRDA:760,126,0,0
BRDA:812,127,0,43
BRDA:830,128,0,0
BRDA:832,129,0,0
BRDA:839,130,0,3
BRDA:856,131,0,1
BRDA:856,132,0,42
BRDA:864,133,0,0
BRDA:867,134,0,9
BRDA:883,135,0,0
BRDA:888,136,0,8
BRDA:890,137,0,8
BRDA:917,138,0,0
BRDA:921,139,0,34
BRDA:927,140,0,33
BRDA:927,141,0,1
BRDA:930,142,0,1
BRDA:951,143,0,0
BRDA:961,144,0,0
BRDA:965,145,0,0
BRDA:969,146,0,0
BRDA:974,147,0,0
BRDA:991,148,0,0
BRDA:1007,149,0,0
BRDA:1017,150,0,0
BRDA:1022,151,0,1
BRDA:1026,152,0,0
BRDA:1041,153,0,2
BRDA:1048,154,0,2
BRDA:1068,155,0,0
BRDA:1070,156,0,0
BRDA:1087,157,0,2
BRDA:1090,158,0,0
BRDA:1097,159,0,8
BRDA:1110,160,0,0
BRDA:1116,161,0,1
BRDA:1120,162,0,2
BRDA:1124,163,0,6
BRDA:1130,164,0,1
BRDA:1130,165,0,1
BRDA:1135,166,0,1
BRDA:1139,167,0,1
BRDA:1140,168,0,1
BRDA:1142,169,0,1
BRDA:1143,170,0,0
BRDA:1149,171,0,0
BRDA:1131,172,0,1
BRDA:1157,173,0,9
BRDA:1160,174,0,1
BRDA:1173,175,0,1
BRDA:1176,176,0,1
BRDA:1178,177,0,0
BRDA:1185,178,0,0
BRDA:1193,179,0,1
BRDA:1195,180,0,0
BRDA:1203,181,0,1
BRDA:1209,182,0,1
BRDA:1219,183,0,0
BRDA:1232,184,0,4
BRDA:1247,185,0,3
BRDA:1255,186,0,1
BRDA:1264,187,0,1
BRDA:1274,188,0,0
BRDA:1280,189,0,0
BRDA:1280,190,0,0
BRDA:1290,191,0,1
BRDA:1292,192,0,0
BRDA:1302,193,0,1
BRDA:1306,194,0,0
BRDA:1321,195,0,1
BRDA:1332,196,0,0
BRDA:1333,197,0,0
BRDA:1340,198,0,1
BRDA:1356,199,0,0
BRDA:1358,200,0,0
BRDA:1372,201,0,0
BRDA:1373,202,0,0
BRDA:1374,203,0,0
BRDA:1386,204,0,0
BRDA:1390,205,0,25
BRDA:1400,206,0,0
BRDA:1408,207,0,0
BRDA:1411,208,0,0
BRDA:1421,209,0,0
BRDA:1429,210,0,1
BRDA:1439,211,0,0
BRDA:1471,212,0,1
BRDA:1473,213,0,0
BRDA:1475,214,0,0
BRDA:1483,215,0,5
BRDA:1488,216,0,3
BRDA:1493,217,0,0
BRDA:1500,218,0,2
BRDA:1511,219,0,0
BRDA:1520,220,0,1
BRDA:1525,221,0,0
BRDA:1525,222,0,0
BRDA:1529,223,0,0
BRDA:1531,224,0,0
BRDA:1528,225,0,1
BRDA:1539,226,0,1
BRDA:1544,227,0,0
BRDA:1543,228,0,1
BRDA:1553,229,0,105
BRDA:1560,230,0,12
BRDA:1560,231,0,93
BRDA:1563,232,0,88
BRDA:1572,233,0,2
BRDA:1581,234,0,11
BRDA:1586,235,0,4
BRDA:1589,236,0,0
BRDA:1594,237,0,1
BRDA:1602,238,0,0
BRDA:1605,239,0,0
BRDA:1614,240,0,0
BRDA:1614,241,0,0
BRDA:1614,242,0,0
BRDA:1618,243,0,0
BRDA:1620,244,0,0
BRDA:1601,245,0,1
BRDA:1630,246,0,1
BRDA:1633,247,0,0
BRDA:1632,248,0,1
BRDA:1638,249,0,7
BRDA:1661,250,0,6
BRDA:1663,251,0,0
BRDA:1669,252,0,6
BRDA:1674,253,0,0
BRDA:1675,254,0,1
BRDA:1679,255,0,2
BRDA:1690,256,0,0
BRF:257
BRH:137
end_of_record
TN:
SF:server/db/sql-adapter.ts
FN:1,(empty-report)
FNF:1
FNH:1
FNDA:1,(empty-report)
LF:0
LH:0
BRDA:1,0,0,1
BRF:1
BRH:1
end_of_record
TN:
SF:server/lib/attachment-filter.ts
FN:7,parseAttachmentFilter
FNF:1
FNH:1
FNDA:1,parseAttachmentFilter
DA:7,1
DA:8,1
DA:9,1
DA:10,1
DA:11,0
DA:12,0
DA:13,1
DA:14,0
DA:15,0
DA:16,0
DA:17,0
DA:18,0
DA:19,0
DA:20,0
DA:21,0
LF:15
LH:5
BRDA:7,0,0,1
BRDA:9,1,0,0
BRDA:10,2,0,0
BRDA:13,3,0,0
BRF:4
BRH:1
end_of_record
TN:
SF:server/lib/b64url.ts
FN:1,utf8ToB64url
FN:9,b64urlToUtf8
FNF:2
FNH:2
FNDA:3,utf8ToB64url
FNDA:5,b64urlToUtf8
DA:1,1
DA:2,3
DA:3,3
DA:4,3
DA:5,3
DA:6,3
DA:7,3
DA:9,1
DA:10,5
DA:11,5
DA:12,5
DA:13,5
DA:14,5
DA:15,2
DA:16,2
LF:15
LH:15
BRDA:1,0,0,3
BRDA:4,1,0,7
BRDA:9,2,0,5
BRDA:14,3,0,2
BRDA:14,4,0,6
BRF:5
BRH:5
end_of_record
TN:
SF:server/lib/cookies.ts
FN:3,parseCookieHeader
FN:16,buildRefreshCookie
FNF:2
FNH:1
FNDA:0,parseCookieHeader
FNDA:76,buildRefreshCookie
DA:1,1
DA:3,1
DA:4,0
DA:5,0
DA:6,0
DA:7,0
DA:8,0
DA:9,0
DA:10,0
DA:11,0
DA:12,0
DA:13,0
DA:14,0
DA:16,1
DA:17,76
DA:18,76
DA:19,76
DA:20,76
DA:21,76
DA:22,76
DA:23,76
DA:24,76
DA:25,76
DA:26,0
DA:27,76
DA:28,76
DA:29,76
DA:30,76
DA:31,76
DA:32,76
DA:33,76
DA:34,76
LF:32
LH:20
BRDA:16,0,0,76
BRDA:22,1,0,0
BRDA:24,2,0,0
BRDA:25,3,0,0
BRF:4
BRH:1
end_of_record
TN:
SF:server/lib/error-logger.ts
FN:7,errorDetailLogEnabled
FN:13,logUncaughtApiError
FNF:2
FNH:2
FNDA:1,errorDetailLogEnabled
FNDA:1,logUncaughtApiError
DA:5,1
DA:7,1
DA:8,1
DA:9,1
DA:10,0
DA:11,0
DA:13,1
DA:14,1
DA:15,1
DA:16,1
DA:17,1
DA:18,1
DA:19,1
DA:20,1
DA:21,0
DA:22,0
DA:23,1
LF:17
LH:13
BRDA:7,0,0,1
BRDA:8,1,0,0
BRDA:9,2,0,0
BRDA:13,3,0,1
BRDA:17,4,0,0
BRDA:18,5,0,0
BRDA:20,6,0,0
BRDA:20,7,0,0
BRF:8
BRH:2
end_of_record
TN:
SF:server/lib/grpc-status.ts
FN:27,httpStatusForGrpcCode
FN:54,jsonError
FNF:2
FNH:2
FNDA:24,httpStatusForGrpcCode
FNDA:24,jsonError
DA:5,1
DA:6,1
DA:7,1
DA:8,1
DA:9,1
DA:10,1
DA:11,1
DA:12,1
DA:13,1
DA:14,1
DA:15,1
DA:16,1
DA:17,1
DA:18,1
DA:19,1
DA:20,1
DA:21,1
DA:22,1
DA:23,1
DA:27,1
DA:28,24
DA:29,24
DA:30,24
DA:31,24
DA:32,13
DA:33,24
DA:34,3
DA:35,24
DA:36,6
DA:37,24
DA:38,1
DA:39,24
DA:40,24
DA:41,0
DA:42,24
DA:43,0
DA:44,24
DA:45,0
DA:46,24
DA:47,24
DA:48,24
DA:49,24
DA:50,1
DA:51,24
DA:52,24
DA:54,1
DA:55,24
DA:56,24
DA:57,24
DA:58,24
DA:59,24
DA:60,24
DA:61,24
DA:62,24
DA:63,24
DA:64,24
LF:56
LH:53
BRDA:27,0,0,24
BRDA:29,1,0,13
BRDA:30,2,0,13
BRDA:31,3,0,13
BRDA:33,4,0,3
BRDA:35,5,0,6
BRDA:37,6,0,1
BRDA:39,7,0,0
BRDA:40,8,0,0
BRDA:42,9,0,0
BRDA:44,10,0,0
BRDA:46,11,0,1
BRDA:47,12,0,1
BRDA:48,13,0,1
BRDA:49,14,0,1
BRDA:50,15,0,0
BRDA:54,16,0,24
BRDA:62,17,0,0
BRF:18
BRH:12
end_of_record
TN:
SF:server/lib/initial-migration-sql.ts
FN:1,(empty-report)
FNF:1
FNH:0
FNDA:0,(empty-report)
DA:1,0
DA:2,0
DA:5,0
DA:6,0
DA:7,0
DA:13,0
DA:14,0
DA:15,0
DA:16,0
DA:17,0
DA:18,0
DA:19,0
DA:20,0
DA:22,0
DA:23,0
DA:24,0
DA:25,0
DA:27,0
DA:28,0
DA:29,0
LF:20
LH:0
BRDA:1,0,0,0
BRF:1
BRH:0
end_of_record
TN:
SF:server/lib/instance-ai-setting.ts
FN:13,parseAISettingFromRaw
FN:31,aiProviderTypeToNumber
FN:37,maskApiKey
FNF:3
FNH:0
FNDA:0,parseAISettingFromRaw
FNDA:0,aiProviderTypeToNumber
FNDA:0,maskApiKey
DA:13,1
DA:14,0
DA:15,0
DA:16,0
DA:17,0
DA:18,0
DA:19,0
DA:20,0
DA:21,0
DA:22,0
DA:23,0
DA:24,0
DA:25,0
DA:26,0
DA:27,0
DA:28,0
DA:29,0
DA:31,1
DA:32,0
DA:33,0
DA:34,0
DA:35,0
DA:37,1
DA:38,0
DA:39,0
DA:40,0
DA:41,0
LF:27
LH:3
BRF:0
BRH:0
end_of_record
TN:
SF:server/lib/instance-notification-setting.ts
FN:33,parseInstanceNotificationSetting
FNF:1
FNH:1
FNDA:8,parseInstanceNotificationSetting
DA:18,1
DA:19,1
DA:20,1
DA:21,1
DA:22,1
DA:23,1
DA:24,1
DA:25,1
DA:26,1
DA:27,1
DA:28,1
DA:29,1
DA:30,1
DA:31,1
DA:33,1
DA:34,8
DA:35,4
DA:36,4
DA:50,8
DA:51,8
DA:52,8
DA:53,8
DA:54,8
DA:55,8
DA:56,8
DA:57,8
DA:58,8
DA:59,8
DA:60,8
DA:61,8
DA:62,8
DA:63,8
DA:64,8
DA:65,8
DA:66,0
DA:67,0
DA:68,8
LF:37
LH:35
BRDA:33,0,0,8
BRDA:34,1,0,4
BRDA:50,2,0,0
BRDA:54,3,0,4
BRDA:54,4,0,0
BRDA:55,5,0,4
BRDA:55,6,0,4
BRDA:55,7,0,0
BRDA:56,8,0,4
BRDA:56,9,0,0
BRDA:57,10,0,4
BRDA:57,11,0,0
BRDA:58,12,0,4
BRDA:58,13,0,0
BRDA:59,14,0,4
BRDA:59,15,0,0
BRDA:60,16,0,4
BRDA:60,17,0,0
BRDA:65,18,0,0
BRF:19
BRH:10
end_of_record
TN:
SF:server/lib/instance-storage-setting.ts
FN:20,parseInstanceStorageSetting
FN:71,storageSettingToApiJson
FNF:2
FNH:2
FNDA:4,parseInstanceStorageSetting
FNDA:1,storageSettingToApiJson
DA:3,1
DA:4,1
DA:20,1
DA:21,4
DA:22,4
DA:23,4
DA:24,4
DA:25,4
DA:26,4
DA:27,4
DA:28,4
DA:29,4
DA:30,0
DA:31,0
DA:32,4
DA:33,4
DA:34,4
DA:35,0
DA:36,0
DA:37,0
DA:38,0
DA:39,0
DA:40,0
DA:41,0
DA:42,0
DA:43,4
DA:44,4
DA:45,4
DA:46,4
DA:47,0
DA:48,0
DA:49,4
DA:50,4
DA:51,0
DA:52,0
DA:53,4
DA:54,4
DA:55,0
DA:56,0
DA:57,0
DA:58,0
DA:59,0
DA:60,0
DA:61,0
DA:62,0
DA:63,0
DA:64,0
DA:65,0
DA:66,0
DA:67,0
DA:68,0
DA:69,4
DA:71,1
DA:72,1
DA:73,1
DA:74,1
DA:75,1
DA:76,1
DA:77,1
DA:78,0
DA:79,0
DA:80,0
DA:81,0
DA:82,0
DA:83,1
DA:84,1
DA:85,1
DA:86,1
DA:87,1
DA:88,0
DA:89,0
DA:90,0
DA:91,0
DA:92,0
DA:93,0
DA:94,0
DA:95,0
DA:96,0
DA:97,0
DA:98,1
DA:99,1
DA:100,1
LF:82
LH:39
BRDA:20,0,0,4
BRDA:29,1,0,0
BRDA:34,2,0,0
BRDA:35,3,0,0
BRDA:46,4,0,0
BRDA:46,5,0,0
BRDA:47,6,0,0
BRDA:50,7,0,0
BRDA:50,8,0,0
BRDA:51,9,0,0
BRDA:54,10,0,0
BRDA:54,11,0,0
BRDA:71,12,0,1
BRDA:77,13,0,0
BRDA:87,14,0,0
BRF:15
BRH:2
end_of_record
TN:
SF:server/lib/memo-enums.ts
FN:5,normalizeMemoVisibilityFromClient
FN:16,normalizeMemoStateFromClient
FNF:2
FNH:2
FNDA:42,normalizeMemoVisibilityFromClient
FNDA:37,normalizeMemoStateFromClient
DA:5,1
DA:6,42
DA:7,42
DA:8,1
DA:9,0
DA:10,0
DA:11,1
DA:12,42
DA:13,0
DA:14,0
DA:16,1
DA:17,37
DA:18,30
DA:19,1
DA:20,0
DA:21,1
DA:22,37
DA:23,0
DA:24,0
LF:19
LH:12
BRDA:5,0,0,42
BRDA:6,1,0,0
BRDA:7,2,0,1
BRDA:8,3,0,0
BRDA:11,4,0,41
BRDA:12,5,0,21
BRDA:12,6,0,18
BRDA:12,7,0,41
BRDA:12,8,0,0
BRDA:16,9,0,37
BRDA:17,10,0,12
BRDA:17,11,0,25
BRDA:17,12,0,30
BRDA:17,13,0,12
BRDA:18,14,0,1
BRDA:19,15,0,0
BRDA:21,16,0,11
BRDA:22,17,0,0
BRDA:22,18,0,30
BRDA:22,19,0,11
BRDA:22,20,0,0
BRF:21
BRH:15
end_of_record
TN:
SF:server/lib/memo-filter.ts
FN:23,stripTimeRangeClauses
FN:38,parseJsonValue
FN:47,parseMemoListFilter
FN:104,memoListFilterNeedsMemory
FN:114,memoTimeSec
FN:120,memoRowMatchesFilter
FN:148,creatorUsernameFromResource
FNF:7
FNH:7
FNDA:11,stripTimeRangeClauses
FNDA:11,parseJsonValue
FNDA:16,parseMemoListFilter
FNDA:10,memoListFilterNeedsMemory
FNDA:1,memoTimeSec
FNDA:2,memoRowMatchesFilter
FNDA:2,creatorUsernameFromResource
DA:2,1
DA:3,1
DA:6,1
DA:23,11
DA:24,11
DA:25,11
DA:26,11
DA:27,3
DA:28,3
DA:29,3
DA:30,3
DA:31,3
DA:32,3
DA:33,11
DA:34,11
DA:35,11
DA:36,11
DA:38,11
DA:39,11
DA:40,11
DA:41,11
DA:42,1
DA:43,1
DA:44,11
DA:47,1
DA:48,16
DA:49,16
DA:51,11
DA:52,15
DA:53,3
DA:54,3
DA:55,3
DA:56,3
DA:57,3
DA:59,11
DA:60,11
DA:61,11
DA:62,11
DA:64,15
DA:65,15
DA:66,3
DA:67,15
DA:68,0
DA:69,12
DA:70,0
DA:71,12
DA:72,0
DA:73,12
DA:74,12
DA:75,12
DA:76,2
DA:77,2
DA:78,12
DA:79,10
DA:80,10
DA:81,3
DA:82,3
DA:83,10
DA:84,7
DA:85,7
DA:86,5
DA:87,5
DA:88,5
DA:89,2
DA:90,2
DA:91,1
DA:92,1
DA:93,1
DA:94,1
DA:95,2
DA:96,7
DA:97,10
DA:98,12
DA:99,15
DA:101,11
DA:102,11
DA:104,1
DA:105,10
DA:106,10
DA:107,9
DA:108,7
DA:109,7
DA:110,7
DA:112,10
DA:114,1
DA:115,1
DA:116,1
DA:117,1
DA:118,1
DA:120,1
DA:121,2
DA:123,2
DA:124,1
DA:125,1
DA:126,1
DA:128,2
DA:129,0
DA:130,0
DA:132,2
DA:133,1
DA:134,1
DA:135,1
DA:136,1
DA:137,1
DA:138,1
DA:139,1
DA:141,2
DA:142,2
DA:143,2
DA:145,2
DA:146,2
DA:148,1
DA:149,2
DA:150,2
DA:151,2
DA:152,2
DA:153,2
LF:117
LH:112
BRDA:23,0,0,11
BRDA:26,1,0,3
BRDA:28,2,0,0
BRDA:38,3,0,11
BRDA:41,4,0,1
BRDA:47,5,0,16
BRDA:49,6,0,11
BRDA:49,7,0,5
BRDA:49,8,0,15
BRDA:49,9,0,11
BRDA:52,10,0,3
BRDA:57,11,0,11
BRDA:64,12,0,15
BRDA:65,13,0,3
BRDA:67,14,0,12
BRDA:67,15,0,0
BRDA:69,16,0,0
BRDA:71,17,0,0
BRDA:75,18,0,2
BRDA:78,19,0,10
BRDA:80,20,0,3
BRDA:83,21,0,7
BRDA:85,22,0,5
BRDA:87,23,0,4
BRDA:88,24,0,2
BRDA:90,25,0,1
BRDA:99,26,0,11
BRDA:61,27,0,16
BRDA:104,28,0,10
BRDA:106,29,0,9
BRDA:107,30,0,2
BRDA:107,31,0,7
BRDA:107,32,0,7
BRDA:108,33,0,7
BRDA:109,34,0,7
BRDA:114,35,0,1
BRDA:115,36,0,0
BRDA:117,37,0,0
BRDA:120,38,0,2
BRDA:121,39,0,1
BRDA:121,40,0,0
BRDA:123,41,0,1
BRDA:123,42,0,1
BRDA:123,43,0,1
BRDA:125,44,0,0
BRDA:128,45,0,0
BRDA:132,46,0,1
BRDA:132,47,0,1
BRDA:134,48,0,0
BRDA:137,49,0,0
BRDA:141,50,0,0
BRDA:141,51,0,0
BRDA:142,52,0,0
BRDA:142,53,0,0
BRDA:143,54,0,0
BRDA:143,55,0,0
BRDA:148,56,0,2
BRDA:150,57,0,0
BRDA:152,58,0,0
BRF:59
BRH:40
end_of_record
TN:
SF:server/lib/memo-location.ts
FN:13,parseLocationObject
FN:49,parseMemoLocationForCreate
FN:60,parseMemoLocationForPatch
FNF:3
FNH:2
FNDA:4,parseLocationObject
FNDA:44,parseMemoLocationForCreate
FNDA:0,parseMemoLocationForPatch
DA:13,4
DA:14,4
DA:15,4
DA:16,4
DA:17,4
DA:18,0
DA:19,0
DA:20,4
DA:22,4
DA:23,4
DA:24,3
DA:25,1
DA:26,1
DA:27,3
DA:28,4
DA:30,4
DA:31,4
DA:32,2
DA:33,0
DA:34,0
DA:35,2
DA:36,4
DA:38,4
DA:39,4
DA:40,4
DA:41,4
DA:42,4
DA:43,4
DA:44,4
DA:45,4
DA:46,4
DA:49,1
DA:50,44
DA:51,44
DA:52,44
DA:53,44
DA:54,0
DA:55,0
DA:56,4
DA:57,4
DA:60,1
DA:61,0
DA:66,0
DA:67,0
DA:68,0
DA:69,0
DA:70,0
DA:71,0
DA:72,0
DA:73,0
DA:74,0
DA:75,0
LF:52
LH:35
BRDA:13,0,0,4
BRDA:17,1,0,3
BRDA:17,2,0,3
BRDA:17,3,0,0
BRDA:20,4,0,3
BRDA:20,5,0,1
BRDA:23,6,0,3
BRDA:23,7,0,3
BRDA:24,8,0,2
BRDA:24,9,0,1
BRDA:28,10,0,2
BRDA:28,11,0,2
BRDA:28,12,0,1
BRDA:31,13,0,2
BRDA:31,14,0,2
BRDA:32,15,0,0
BRDA:35,16,0,3
BRDA:36,17,0,2
BRDA:36,18,0,2
BRDA:36,19,0,1
BRDA:49,20,0,44
BRDA:52,21,0,4
BRDA:52,22,0,40
BRDA:52,23,0,4
BRDA:53,24,0,4
BRDA:53,25,0,26
BRDA:53,26,0,0
BRDA:55,27,0,4
BRF:28
BRH:25
end_of_record
TN:
SF:server/lib/memo-payload.ts
FN:24,parseMemoPayloadGolang
FN:34,rebuildMemoPayloadFromContent
FN:51,stringifyMemoPayload
FN:55,memoReactionContentId
FNF:4
FNH:4
FNDA:87,parseMemoPayloadGolang
FNDA:44,rebuildMemoPayloadFromContent
FNDA:44,stringifyMemoPayload
FNDA:7,memoReactionContentId
DA:5,1
DA:6,1
DA:24,1
DA:25,87
DA:26,87
DA:27,87
DA:28,87
DA:29,0
DA:30,0
DA:31,87
DA:34,1
DA:35,44
DA:36,44
DA:37,44
DA:38,44
DA:39,44
DA:40,44
DA:41,44
DA:42,44
DA:43,44
DA:44,44
DA:45,44
DA:46,44
DA:47,44
DA:48,44
DA:49,44
DA:51,1
DA:52,44
DA:53,44
DA:55,1
DA:56,7
DA:57,7
LF:32
LH:30
BRDA:24,0,0,87
BRDA:27,1,0,0
BRDA:28,2,0,0
BRDA:34,3,0,44
BRDA:51,4,0,44
BRDA:55,5,0,7
BRF:6
BRH:4
end_of_record
TN:
SF:server/lib/public-routes.ts
FN:5,isPublicApiRoute
FNF:1
FNH:1
FNDA:314,isPublicApiRoute
DA:5,1
DA:6,314
DA:7,314
DA:9,314
DA:10,314
DA:12,314
DA:13,314
DA:15,314
DA:16,314
DA:18,314
DA:19,21
DA:20,21
DA:21,5
DA:22,5
DA:23,5
DA:24,5
DA:26,314
DA:28,314
DA:29,314
DA:30,309
DA:31,314
DA:32,314
DA:34,108
DA:35,108
LF:24
LH:24
BRDA:5,0,0,314
BRDA:7,1,0,0
BRDA:9,2,0,77
BRDA:9,3,0,77
BRDA:9,4,0,237
BRDA:10,5,0,0
BRDA:10,6,0,0
BRDA:10,7,0,237
BRDA:12,8,0,1
BRDA:12,9,0,313
BRDA:12,10,0,1
BRDA:12,11,0,236
BRDA:13,12,0,56
BRDA:13,13,0,9
BRDA:13,14,0,227
BRDA:15,15,0,84
BRDA:15,16,0,308
BRDA:15,17,0,82
BRDA:15,18,0,145
BRDA:16,19,0,1
BRDA:16,20,0,1
BRDA:16,21,0,309
BRDA:16,22,0,144
BRDA:18,23,0,46
BRDA:18,24,0,21
BRDA:20,25,0,16
BRDA:20,26,0,5
BRDA:21,27,0,0
BRDA:22,28,0,0
BRDA:24,29,0,123
BRDA:26,30,0,0
BRDA:26,31,0,0
BRDA:26,32,0,123
BRDA:28,33,0,44
BRDA:28,34,0,8
BRDA:28,35,0,309
BRDA:28,36,0,115
BRDA:29,37,0,17
BRDA:29,38,0,5
BRDA:29,39,0,309
BRDA:29,40,0,110
BRDA:30,41,0,12
BRDA:31,42,0,1
BRDA:31,43,0,309
BRDA:31,44,0,109
BRDA:32,45,0,11
BRDA:32,46,0,1
BRDA:32,47,0,108
BRF:48
BRH:41
end_of_record
TN:
SF:server/lib/root-package-version.ts
FN:1,(empty-report)
FNF:1
FNH:0
FNDA:0,(empty-report)
DA:1,0
DA:2,0
DA:8,0
DA:9,0
DA:10,0
DA:11,0
DA:12,0
DA:13,0
DA:14,0
DA:15,0
DA:17,0
DA:18,0
DA:19,0
DA:20,0
LF:14
LH:0
BRDA:1,0,0,0
BRF:1
BRH:0
end_of_record
TN:
SF:server/lib/serializers.ts
FN:7,protoJsonTimestamp
FN:12,authPrincipalFromUserRow
FN:20,canViewerSeeUserEmail
FN:30,userToJson
FN:45,memoToJson
FN:89,attachmentToJson
FNF:6
FNH:6
FNDA:517,protoJsonTimestamp
FNDA:158,authPrincipalFromUserRow
FNDA:171,canViewerSeeUserEmail
FNDA:171,userToJson
FNDA:58,memoToJson
FNDA:1,attachmentToJson
DA:3,1
DA:4,1
DA:7,1
DA:8,517
DA:9,517
DA:12,1
DA:13,158
DA:14,158
DA:15,158
DA:16,158
DA:17,158
DA:18,158
DA:20,171
DA:21,171
DA:22,171
DA:23,42
DA:24,42
DA:30,1
DA:31,171
DA:32,171
DA:33,171
DA:34,171
DA:35,171
DA:36,171
DA:37,171
DA:38,171
DA:39,171
DA:40,171
DA:41,171
DA:42,171
DA:43,171
DA:45,1
DA:46,58
DA:47,58
DA:48,58
DA:49,58
DA:50,58
DA:51,58
DA:52,58
DA:53,58
DA:54,5
DA:55,5
DA:56,5
DA:57,5
DA:58,58
DA:59,58
DA:60,58
DA:61,58
DA:62,58
DA:63,58
DA:64,58
DA:65,58
DA:66,58
DA:67,58
DA:68,58
DA:69,58
DA:70,58
DA:71,58
DA:72,58
DA:73,58
DA:74,58
DA:75,58
DA:76,58
DA:77,58
DA:78,5
DA:79,5
DA:80,5
DA:81,5
DA:82,5
DA:83,5
DA:84,5
DA:85,53
DA:86,58
DA:87,58
DA:89,1
DA:90,1
DA:91,1
DA:100,1
DA:101,1
DA:102,1
DA:103,0
DA:104,0
DA:105,0
DA:106,0
DA:107,0
DA:108,0
DA:109,0
DA:110,0
DA:111,0
DA:112,0
DA:113,1
DA:115,0
DA:116,1
DA:117,1
DA:118,1
DA:119,1
DA:122,1
DA:123,1
DA:124,1
DA:125,1
DA:126,1
DA:127,1
DA:128,1
LF:103
LH:92
BRDA:7,0,0,517
BRDA:12,1,0,158
BRDA:15,2,0,116
BRDA:15,3,0,42
BRDA:20,4,0,171
BRDA:21,5,0,1
BRDA:21,6,0,170
BRDA:22,7,0,128
BRDA:22,8,0,42
BRDA:30,9,0,171
BRDA:33,10,0,126
BRDA:33,11,0,45
BRDA:35,12,0,170
BRDA:35,13,0,113
BRDA:35,14,0,1
BRDA:36,15,0,169
BRDA:45,16,0,58
BRDA:53,17,0,5
BRDA:54,18,0,5
BRDA:55,19,0,5
BRDA:56,20,0,5
BRDA:64,21,0,0
BRDA:68,22,0,24
BRDA:69,23,0,5
BRDA:69,24,0,53
BRDA:71,25,0,24
BRDA:71,26,0,34
BRDA:74,27,0,0
BRDA:75,28,0,0
BRDA:76,29,0,10
BRDA:76,30,0,48
BRDA:77,31,0,5
BRDA:80,32,0,0
BRDA:84,33,0,53
BRDA:89,34,0,1
BRDA:101,35,0,0
BRDA:102,36,0,0
BRDA:102,37,0,0
BRDA:113,38,0,0
BRDA:122,39,0,0
BRDA:125,40,0,0
BRDA:126,41,0,0
BRF:42
BRH:31
end_of_record
TN:
SF:server/lib/sse-bus.ts
FN:21,emit
FN:31,subscribe
FN:35,unsubscribe
FNF:3
FNH:1
FNDA:49,emit
FNDA:0,subscribe
FNDA:0,unsubscribe
DA:18,1
DA:20,1
DA:21,1
DA:22,49
DA:23,0
DA:24,0
DA:25,0
DA:27,0
DA:28,0
DA:29,49
DA:31,1
DA:32,0
DA:33,0
DA:35,1
DA:36,0
DA:37,0
DA:38,1
LF:17
LH:8
BRDA:21,0,0,49
BRDA:22,1,0,0
BRF:2
BRH:1
end_of_record
TN:
SF:server/lib/strip-jpeg-exif.ts
FN:5,stripJpegExifMetadata
FNF:1
FNH:0
FNDA:0,stripJpegExifMetadata
DA:5,1
DA:6,0
DA:8,0
DA:10,0
DA:11,0
DA:13,0
DA:14,0
DA:16,0
DA:17,0
DA:18,0
DA:20,0
DA:22,0
DA:23,0
DA:24,0
DA:25,0
DA:28,0
DA:29,0
DA:30,0
DA:31,0
DA:32,0
DA:34,0
DA:35,0
DA:36,0
DA:37,0
DA:40,0
DA:41,0
DA:42,0
DA:43,0
DA:44,0
DA:46,0
DA:47,0
LF:31
LH:1
BRF:0
BRH:0
end_of_record
TN:
SF:server/lib/timestamp.ts
FN:1,(empty-report)
FNF:1
FNH:1
FNDA:1,(empty-report)
DA:2,0
DA:3,0
DA:4,0
DA:5,0
DA:6,0
DA:7,0
DA:9,0
DA:10,0
DA:11,0
DA:13,0
DA:14,0
DA:15,0
LF:12
LH:0
BRDA:1,0,0,1
BRF:1
BRH:1
end_of_record
TN:
SF:server/lib/user-avatar-data-uri.ts
FN:18,validateUserAvatarUrl
FNF:1
FNH:1
FNDA:4,validateUserAvatarUrl
DA:5,1
DA:7,1
DA:8,1
DA:9,1
DA:10,1
DA:11,1
DA:12,1
DA:13,1
DA:18,1
DA:19,4
DA:20,3
DA:21,4
DA:22,1
DA:23,1
DA:24,4
DA:25,4
DA:26,1
DA:27,1
DA:28,1
DA:29,1
LF:20
LH:20
BRDA:18,0,0,4
BRDA:19,1,0,1
BRDA:19,2,0,3
BRDA:21,3,0,1
BRDA:23,4,0,2
BRDA:24,5,0,0
BRDA:25,6,0,1
BRF:7
BRH:6
end_of_record
TN:
SF:server/lib/user-setting-auth-shortcuts.ts
FN:42,emptyRefresh
FN:46,parseRefreshTokensUserSetting
FN:85,serializeRefreshTokensUserSetting
FN:91,emptyPats
FN:95,parsePersonalAccessTokensUserSetting
FN:154,serializePersonalAccessTokensUserSetting
FN:160,emptyShortcuts
FN:164,parseShortcutsUserSetting
FN:187,serializeShortcutsUserSetting
FNF:9
FNH:9
FNDA:76,emptyRefresh
FNDA:76,parseRefreshTokensUserSetting
FNDA:76,serializeRefreshTokensUserSetting
FNDA:1,emptyPats
FNDA:1,parsePersonalAccessTokensUserSetting
FNDA:1,serializePersonalAccessTokensUserSetting
FNDA:3,emptyShortcuts
FNDA:9,parseShortcutsUserSetting
FNDA:4,serializeShortcutsUserSetting
DA:6,1
DA:7,1
DA:8,1
DA:42,76
DA:43,76
DA:44,76
DA:46,1
DA:47,76
DA:48,76
DA:49,76
DA:50,0
DA:51,0
DA:52,0
DA:53,76
DA:54,0
DA:55,0
DA:56,0
DA:57,0
DA:58,0
DA:59,0
DA:60,0
DA:61,0
DA:62,0
DA:63,0
DA:64,0
DA:65,0
DA:66,0
DA:67,0
DA:68,0
DA:69,0
DA:70,0
DA:71,0
DA:72,0
DA:73,0
DA:74,0
DA:75,0
DA:76,0
DA:77,0
DA:78,0
DA:79,0
DA:80,0
DA:81,0
DA:82,0
DA:83,76
DA:85,1
DA:86,76
DA:87,76
DA:88,76
DA:89,76
DA:91,1
DA:92,1
DA:93,1
DA:95,1
DA:96,1
DA:97,1
DA:98,1
DA:99,0
DA:100,0
DA:101,0
DA:102,0
DA:103,0
DA:104,0
DA:105,0
DA:106,0
DA:107,0
DA:108,0
DA:109,0
DA:110,0
DA:111,0
DA:112,0
DA:113,0
DA:114,0
DA:115,0
DA:116,0
DA:117,0
DA:118,0
DA:119,0
DA:120,0
DA:121,0
DA:122,0
DA:123,0
DA:124,0
DA:125,0
DA:126,0
DA:127,0
DA:128,0
DA:129,0
DA:130,0
DA:131,0
DA:132,0
DA:133,0
DA:134,0
DA:135,0
DA:136,0
DA:137,0
DA:138,0
DA:139,0
DA:140,0
DA:141,0
DA:142,0
DA:143,0
DA:144,0
DA:145,0
DA:146,0
DA:147,0
DA:148,0
DA:149,0
DA:150,0
DA:151,0
DA:152,1
DA:154,1
DA:155,1
DA:156,1
DA:157,1
DA:158,1
DA:160,3
DA:161,3
DA:162,3
DA:164,1
DA:165,9
DA:166,6
DA:167,6
DA:168,6
DA:169,9
DA:170,6
DA:171,9
DA:172,5
DA:173,5
DA:174,5
DA:175,5
DA:176,5
DA:177,5
DA:178,5
DA:179,5
DA:180,5
DA:181,6
DA:182,9
DA:183,0
DA:184,0
DA:185,9
DA:187,1
DA:188,4
DA:189,4
LF:143
LH:56
BRDA:42,0,0,76
BRDA:46,1,0,76
BRDA:49,2,0,0
BRDA:53,3,0,0
BRDA:85,4,0,76
BRDA:91,5,0,1
BRDA:95,6,0,1
BRDA:98,7,0,0
BRDA:154,8,0,1
BRDA:160,9,0,3
BRDA:164,10,0,9
BRDA:165,11,0,3
BRDA:165,12,0,6
BRDA:169,13,0,0
BRDA:169,14,0,6
BRDA:171,15,0,5
BRDA:172,16,0,0
BRDA:175,17,0,0
BRDA:176,18,0,0
BRDA:177,19,0,0
BRDA:178,20,0,0
BRDA:180,21,0,6
BRDA:182,22,0,0
BRDA:187,23,0,4
BRF:24
BRH:14
end_of_record
TN:
SF:server/lib/user-stats-from-memos.ts
FN:17,userStatsFieldsFromMemoRows
FNF:1
FNH:1
FNDA:2,userStatsFieldsFromMemoRows
DA:1,1
DA:2,1
DA:17,1
DA:18,2
DA:19,2
DA:20,2
DA:21,2
DA:22,2
DA:23,2
DA:24,2
DA:26,2
DA:27,2
DA:28,2
DA:29,2
DA:30,2
DA:31,2
DA:32,2
DA:33,2
DA:34,2
DA:36,2
DA:38,2
DA:39,2
DA:40,2
DA:41,2
DA:42,2
DA:43,2
DA:44,2
DA:45,2
DA:46,2
DA:47,2
DA:48,2
LF:31
LH:31
BRDA:17,0,0,2
BRDA:31,1,0,0
BRDA:32,2,0,0
BRDA:33,3,0,0
BRDA:34,4,0,0
BRDA:36,5,0,0
BRDA:38,6,0,0
BRF:7
BRH:1
end_of_record
TN:
SF:server/lib/user-username.ts
FN:8,isValidMemosUsername
FNF:1
FNH:1
FNDA:96,isValidMemosUsername
DA:6,1
DA:8,1
DA:9,96
DA:10,96
LF:4
LH:4
BRDA:8,0,0,96
BRF:1
BRH:1
end_of_record
TN:
SF:server/lib/user-webhooks-setting.ts
FN:5,newUserWebhookId
FN:11,isWebhookRecord
FN:15,normalizeWebhook
FN:32,parseWebhooksFromUserSettingValue
FN:50,serializeWebhooksUserSetting
FNF:5
FNH:5
FNDA:4,newUserWebhookId
FNDA:6,isWebhookRecord
FNDA:6,normalizeWebhook
FNDA:18,parseWebhooksFromUserSettingValue
FNDA:6,serializeWebhooksUserSetting
DA:5,1
DA:6,4
DA:7,4
DA:8,4
DA:9,4
DA:11,6
DA:12,6
DA:13,6
DA:15,6
DA:16,6
DA:17,6
DA:18,6
DA:19,6
DA:20,6
DA:21,6
DA:22,6
DA:23,0
DA:24,0
DA:25,0
DA:26,6
DA:27,6
DA:32,1
DA:33,18
DA:34,6
DA:35,6
DA:36,6
DA:37,6
DA:38,6
DA:39,6
DA:40,0
DA:41,18
DA:42,0
DA:43,0
DA:44,18
DA:46,0
DA:47,0
DA:48,0
DA:50,1
DA:51,6
DA:52,6
LF:40
LH:31
BRDA:5,0,0,4
BRDA:8,1,0,32
BRDA:11,2,0,6
BRDA:15,3,0,6
BRDA:16,4,0,0
BRDA:17,5,0,0
BRDA:18,6,0,0
BRDA:19,7,0,0
BRDA:22,8,0,0
BRDA:32,9,0,18
BRDA:33,10,0,12
BRDA:33,11,0,13
BRDA:33,12,0,6
BRDA:39,13,0,0
BRDA:41,14,0,0
BRDA:44,15,0,0
BRDA:38,16,0,6
BRDA:50,17,0,6
BRF:18
BRH:10
end_of_record
TN:
SF:server/middleware/access-log.ts
FN:5,outcomeForStatus
FN:12,oneLine
FN:19,errorResponseDetail
FN:50,accessLogEnabled
FN:60,accessLog
FNF:5
FNH:2
FNDA:0,outcomeForStatus
FNDA:0,oneLine
FNDA:0,errorResponseDetail
FNDA:62,accessLogEnabled
FNDA:62,accessLog
DA:3,1
DA:5,0
DA:6,0
DA:7,0
DA:8,0
DA:9,0
DA:10,0
DA:12,0
DA:13,0
DA:14,0
DA:19,0
DA:20,0
DA:21,0
DA:22,0
DA:23,0
DA:24,0
DA:25,0
DA:26,0
DA:27,0
DA:28,0
DA:29,0
DA:30,0
DA:31,0
DA:32,0
DA:33,0
DA:34,0
DA:35,0
DA:36,0
DA:37,0
DA:38,0
DA:39,0
DA:40,0
DA:42,0
DA:43,0
DA:44,0
DA:45,0
DA:46,0
DA:47,0
DA:48,0
DA:50,62
DA:51,62
DA:52,62
DA:53,0
DA:54,0
DA:60,1
DA:61,62
DA:62,62
DA:63,316
DA:64,316
DA:65,62
DA:67,0
DA:68,0
DA:69,0
DA:70,0
DA:71,0
DA:72,0
DA:73,0
DA:74,0
DA:75,0
DA:76,0
DA:77,0
DA:78,0
DA:79,0
DA:80,0
DA:81,0
DA:82,0
DA:83,0
DA:84,0
DA:85,0
DA:86,0
DA:87,0
DA:88,0
DA:89,0
DA:90,0
DA:91,0
LF:75
LH:10
BRDA:50,0,0,62
BRDA:51,1,0,0
BRDA:52,2,0,0
BRDA:60,3,0,62
BRDA:65,4,0,0
BRDA:62,5,0,316
BRF:6
BRH:3
end_of_record
TN:
SF:server/middleware/cors.ts
FN:4,origin
FNF:1
FNH:1
FNDA:314,origin
DA:1,1
DA:3,1
DA:4,1
DA:5,1
DA:6,1
DA:7,1
DA:8,1
DA:9,1
LF:8
LH:8
BRDA:4,0,0,314
BRF:1
BRH:1
end_of_record
TN:
SF:server/middleware/debug-http.ts
FN:5,truncate
FN:10,headerRecord
FN:22,debugHttpLog
FNF:3
FNH:1
FNDA:0,truncate
FNDA:0,headerRecord
FNDA:62,debugHttpLog
DA:3,1
DA:5,0
DA:6,0
DA:7,0
DA:8,0
DA:10,0
DA:11,0
DA:12,0
DA:13,0
DA:14,0
DA:15,0
DA:16,0
DA:22,1
DA:23,62
DA:24,62
DA:25,62
DA:27,0
DA:28,0
DA:29,0
DA:30,0
DA:32,0
DA:33,0
DA:34,0
DA:35,0
DA:36,0
DA:37,0
DA:38,0
DA:39,0
DA:40,0
DA:42,0
DA:43,0
DA:44,0
DA:45,0
DA:46,0
DA:47,0
DA:48,0
DA:49,0
DA:50,0
DA:51,0
DA:52,0
DA:54,0
DA:56,0
DA:57,0
DA:58,0
DA:59,0
DA:60,0
DA:61,0
DA:62,0
DA:64,0
DA:65,0
DA:66,0
DA:67,0
DA:68,0
DA:69,0
DA:70,0
DA:71,0
DA:72,0
LF:57
LH:5
BRDA:22,0,0,62
BRDA:25,1,0,0
BRDA:24,2,0,314
BRF:3
BRH:2
end_of_record
TN:
SF:server/routes/mcp.ts
FN:25,resolveAuth
FN:53,isAllowedOrigin
FN:70,memoIdFromName
FN:75,canViewMemo
FN:83,buildMcpServer
FN:356,createMcpHandler
FNF:6
FNH:1
FNDA:0,resolveAuth
FNDA:0,isAllowedOrigin
FNDA:0,memoIdFromName
FNDA:0,canViewMemo
FNDA:0,buildMcpServer
FNDA:62,createMcpHandler
DA:13,1
DA:14,1
DA:15,1
DA:17,1
DA:18,1
DA:19,1
DA:20,1
DA:21,1
DA:25,0
DA:26,0
DA:27,0
DA:28,0
DA:29,0
DA:30,0
DA:31,0
DA:32,0
DA:33,0
DA:34,0
DA:35,0
DA:36,0
DA:37,0
DA:38,0
DA:39,0
DA:40,0
DA:41,0
DA:42,0
DA:43,0
DA:44,0
DA:45,0
DA:46,0
DA:47,0
DA:48,0
DA:49,0
DA:50,0
DA:53,0
DA:54,0
DA:55,0
DA:56,0
DA:57,0
DA:58,0
DA:59,0
DA:60,0
DA:61,0
DA:62,0
DA:63,0
DA:64,0
DA:66,0
DA:67,0
DA:68,0
DA:70,0
DA:71,0
DA:72,0
DA:73,0
DA:75,0
DA:76,0
DA:77,0
DA:78,0
DA:79,0
DA:80,0
DA:83,0
DA:84,0
DA:85,0
DA:86,0
DA:87,0
DA:91,0
DA:92,0
DA:93,0
DA:94,0
DA:95,0
DA:96,0
DA:97,0
DA:98,0
DA:99,0
DA:100,0
DA:101,0
DA:102,0
DA:103,0
DA:104,0
DA:105,0
DA:106,0
DA:108,0
DA:109,0
DA:110,0
DA:111,0
DA:112,0
DA:114,0
DA:115,0
DA:116,0
DA:117,0
DA:118,0
DA:119,0
DA:120,0
DA:121,0
DA:122,0
DA:123,0
DA:124,0
DA:125,0
DA:126,0
DA:127,0
DA:128,0
DA:130,0
DA:131,0
DA:132,0
DA:133,0
DA:134,0
DA:135,0
DA:136,0
DA:137,0
DA:138,0
DA:140,0
DA:141,0
DA:142,0
DA:143,0
DA:144,0
DA:145,0
DA:146,0
DA:147,0
DA:148,0
DA:149,0
DA:150,0
DA:151,0
DA:152,0
DA:153,0
DA:154,0
DA:155,0
DA:156,0
DA:157,0
DA:158,0
DA:159,0
DA:160,0
DA:162,0
DA:163,0
DA:164,0
DA:165,0
DA:166,0
DA:167,0
DA:168,0
DA:169,0
DA:170,0
DA:171,0
DA:172,0
DA:173,0
DA:174,0
DA:175,0
DA:176,0
DA:177,0
DA:178,0
DA:179,0
DA:180,0
DA:181,0
DA:182,0
DA:183,0
DA:184,0
DA:185,0
DA:186,0
DA:187,0
DA:188,0
DA:190,0
DA:191,0
DA:192,0
DA:193,0
DA:194,0
DA:195,0
DA:196,0
DA:197,0
DA:198,0
DA:199,0
DA:200,0
DA:201,0
DA:202,0
DA:203,0
DA:204,0
DA:205,0
DA:206,0
DA:207,0
DA:208,0
DA:209,0
DA:210,0
DA:211,0
DA:213,0
DA:214,0
DA:215,0
DA:216,0
DA:217,0
DA:218,0
DA:219,0
DA:220,0
DA:221,0
DA:222,0
DA:223,0
DA:224,0
DA:225,0
DA:226,0
DA:227,0
DA:228,0
DA:229,0
DA:230,0
DA:231,0
DA:232,0
DA:233,0
DA:234,0
DA:235,0
DA:236,0
DA:237,0
DA:238,0
DA:239,0
DA:240,0
DA:241,0
DA:242,0
DA:243,0
DA:245,0
DA:246,0
DA:247,0
DA:248,0
DA:249,0
DA:250,0
DA:251,0
DA:252,0
DA:253,0
DA:254,0
DA:255,0
DA:256,0
DA:257,0
DA:258,0
DA:259,0
DA:260,0
DA:261,0
DA:262,0
DA:263,0
DA:264,0
DA:265,0
DA:266,0
DA:267,0
DA:268,0
DA:269,0
DA:271,0
DA:272,0
DA:273,0
DA:274,0
DA:275,0
DA:276,0
DA:277,0
DA:278,0
DA:279,0
DA:280,0
DA:281,0
DA:282,0
DA:283,0
DA:284,0
DA:285,0
DA:286,0
DA:287,0
DA:288,0
DA:289,0
DA:291,0
DA:292,0
DA:293,0
DA:294,0
DA:295,0
DA:296,0
DA:297,0
DA:298,0
DA:299,0
DA:300,0
DA:301,0
DA:302,0
DA:303,0
DA:304,0
DA:305,0
DA:306,0
DA:307,0
DA:308,0
DA:309,0
DA:310,0
DA:311,0
DA:312,0
DA:313,0
DA:314,0
DA:315,0
DA:316,0
DA:317,0
DA:318,0
DA:319,0
DA:320,0
DA:324,0
DA:325,0
DA:326,0
DA:327,0
DA:328,0
DA:329,0
DA:330,0
DA:331,0
DA:332,0
DA:333,0
DA:334,0
DA:335,0
DA:336,0
DA:337,0
DA:338,0
DA:339,0
DA:340,0
DA:341,0
DA:342,0
DA:343,0
DA:344,0
DA:345,0
DA:346,0
DA:347,0
DA:349,0
DA:350,0
DA:356,1
DA:357,62
DA:359,62
DA:361,0
DA:362,0
DA:363,0
DA:364,0
DA:365,0
DA:366,0
DA:369,0
DA:370,0
DA:371,0
DA:372,0
DA:373,0
DA:374,0
DA:375,0
DA:376,0
DA:377,0
DA:378,0
DA:379,0
DA:382,0
DA:383,0
DA:385,0
DA:386,0
DA:387,0
DA:388,0
DA:389,0
DA:390,0
DA:393,0
DA:394,0
DA:395,0
DA:396,0
DA:397,0
DA:398,0
DA:400,0
DA:401,0
DA:404,0
DA:405,0
DA:406,0
DA:407,0
DA:408,0
DA:409,0
DA:410,0
DA:411,0
DA:412,0
DA:413,0
DA:414,0
DA:415,62
LF:358
LH:12
BRDA:356,0,0,62
BRF:1
BRH:1
end_of_record
TN:
SF:server/routes/v1/ai.ts
FN:29,isSupportedAudioType
FN:34,createAIRoutes
FNF:2
FNH:1
FNDA:0,isSupportedAudioType
FNDA:62,createAIRoutes
DA:1,1
DA:4,1
DA:5,1
DA:6,1
DA:8,1
DA:10,1
DA:11,1
DA:12,1
DA:13,1
DA:14,1
DA:15,1
DA:16,1
DA:17,1
DA:18,1
DA:19,1
DA:20,1
DA:21,1
DA:22,1
DA:23,1
DA:24,1
DA:25,1
DA:26,1
DA:27,1
DA:29,0
DA:30,0
DA:31,0
DA:32,0
DA:34,1
DA:35,62
DA:36,62
DA:38,62
DA:39,0
DA:40,0
DA:41,0
DA:42,0
DA:44,0
DA:45,0
DA:52,0
DA:53,0
DA:54,0
DA:55,0
DA:56,0
DA:57,0
DA:59,0
DA:60,0
DA:61,0
DA:62,0
DA:64,0
DA:65,0
DA:66,0
DA:67,0
DA:70,0
DA:71,0
DA:72,0
DA:73,0
DA:74,0
DA:75,0
DA:77,0
DA:78,0
DA:79,0
DA:81,0
DA:82,0
DA:84,0
DA:85,0
DA:86,0
DA:87,0
DA:88,0
DA:89,0
DA:90,0
DA:91,0
DA:92,0
DA:93,0
DA:95,0
DA:96,0
DA:97,0
DA:99,0
DA:100,0
DA:101,0
DA:104,0
DA:105,0
DA:106,0
DA:107,0
DA:108,0
DA:109,0
DA:110,0
DA:111,0
DA:114,0
DA:115,0
DA:117,0
DA:118,0
DA:119,0
DA:120,0
DA:121,0
DA:122,0
DA:124,0
DA:125,0
DA:126,0
DA:127,0
DA:128,0
DA:129,0
DA:130,0
DA:131,0
DA:132,0
DA:133,0
DA:134,0
DA:135,0
DA:136,0
DA:138,0
DA:139,0
DA:140,0
DA:141,0
DA:142,0
DA:144,0
DA:145,0
DA:146,62
DA:148,62
DA:149,62
LF:117
LH:30
BRDA:34,0,0,62
BRF:1
BRH:1
end_of_record
TN:
SF:server/routes/v1/attachments.ts
FN:13,attachmentIdFromName
FN:18,decodeBase64
FN:30,validateFilename
FN:38,isValidMimeType
FN:42,inferMimeTypeFromFilename
FN:67,resolveUploadLimitBytes
FN:74,createAttachmentRoutes
FN:78,getStorage
FN:84,getStorageSetting
FNF:9
FNH:7
FNDA:0,attachmentIdFromName
FNDA:1,decodeBase64
FNDA:1,validateFilename
FNDA:1,isValidMimeType
FNDA:0,inferMimeTypeFromFilename
FNDA:1,resolveUploadLimitBytes
FNDA:62,createAttachmentRoutes
FNDA:1,getStorage
FNDA:1,getStorageSetting
DA:1,1
DA:4,1
DA:5,1
DA:6,1
DA:7,1
DA:8,1
DA:9,1
DA:10,1
DA:11,1
DA:13,0
DA:14,0
DA:15,0
DA:16,0
DA:18,1
DA:19,1
DA:20,1
DA:21,1
DA:22,1
DA:23,1
DA:25,1
DA:26,1
DA:27,1
DA:28,1
DA:30,1
DA:31,1
DA:32,1
DA:33,1
DA:34,1
DA:35,1
DA:36,1
DA:38,1
DA:39,1
DA:40,1
DA:42,0
DA:43,0
DA:44,0
DA:45,0
DA:46,0
DA:47,0
DA:48,0
DA:49,0
DA:50,0
DA:51,0
DA:52,0
DA:53,0
DA:54,0
DA:55,0
DA:56,0
DA:57,0
DA:58,0
DA:59,0
DA:60,0
DA:61,0
DA:62,0
DA:63,0
DA:64,0
DA:65,0
DA:67,1
DA:68,1
DA:69,0
DA:70,0
DA:71,1
DA:72,1
DA:74,1
DA:75,62
DA:76,62
DA:78,62
DA:79,1
DA:80,1
DA:81,1
DA:82,1
DA:84,62
DA:85,1
DA:86,1
DA:87,1
DA:88,1
DA:89,1
DA:91,62
DA:92,0
DA:93,0
DA:94,0
DA:95,0
DA:96,0
DA:97,0
DA:98,0
DA:99,0
DA:100,0
DA:101,0
DA:102,0
DA:103,0
DA:104,0
DA:105,0
DA:106,0
DA:107,0
DA:108,0
DA:109,0
DA:110,0
DA:111,0
DA:112,0
DA:113,0
DA:114,0
DA:115,0
DA:116,0
DA:117,0
DA:118,0
DA:119,0
DA:120,62
DA:122,62
DA:123,1
DA:124,1
DA:135,1
DA:136,1
DA:137,1
DA:138,1
DA:139,1
DA:140,0
DA:141,0
DA:142,1
DA:143,1
DA:144,1
DA:145,1
DA:146,0
DA:147,0
DA:148,1
DA:149,1
DA:150,0
DA:151,0
DA:152,1
DA:153,1
DA:154,1
DA:155,1
DA:156,1
DA:157,1
DA:158,0
DA:159,0
DA:161,1
DA:162,0
DA:163,0
DA:164,0
DA:166,0
DA:167,0
DA:168,1
DA:174,1
DA:175,1
DA:176,0
DA:177,0
DA:178,0
DA:179,0
DA:180,0
DA:181,0
DA:182,1
DA:183,1
DA:184,1
DA:185,1
DA:186,1
DA:187,1
DA:188,1
DA:189,1
DA:190,1
DA:191,1
DA:192,0
DA:193,0
DA:194,0
DA:195,0
DA:196,0
DA:197,1
DA:198,1
DA:199,1
DA:200,1
DA:201,1
DA:202,1
DA:203,1
DA:204,1
DA:205,1
DA:206,1
DA:207,1
DA:208,1
DA:209,1
DA:210,62
DA:212,62
DA:213,0
DA:214,0
DA:215,0
DA:216,0
DA:217,0
DA:219,0
DA:220,0
DA:221,0
DA:222,0
DA:223,0
DA:224,0
DA:225,0
DA:226,0
DA:227,0
DA:228,0
DA:229,0
DA:230,0
DA:231,0
DA:232,0
DA:233,0
DA:234,0
DA:235,0
DA:236,0
DA:237,0
DA:238,0
DA:239,0
DA:240,0
DA:241,0
DA:242,62
DA:244,62
DA:245,0
DA:246,0
DA:247,0
DA:248,0
DA:249,0
DA:250,62
DA:252,62
DA:253,0
DA:254,0
DA:255,0
DA:256,0
DA:257,0
DA:258,0
DA:259,0
DA:260,0
DA:261,0
DA:266,0
DA:267,0
DA:268,0
DA:269,0
DA:270,0
DA:271,0
DA:272,0
DA:273,0
DA:274,0
DA:275,0
DA:276,0
DA:277,0
DA:278,0
DA:279,0
DA:280,0
DA:281,0
DA:282,62
DA:284,62
DA:285,0
DA:286,0
DA:287,0
DA:288,0
DA:289,0
DA:290,0
DA:291,0
DA:292,0
DA:293,0
DA:294,0
DA:295,0
DA:296,0
DA:297,0
DA:298,62
DA:300,62
DA:301,62
LF:260
LH:107
BRDA:18,0,0,1
BRDA:21,1,0,21
BRDA:30,2,0,1
BRDA:31,3,0,0
BRDA:32,4,0,0
BRDA:33,5,0,0
BRDA:34,6,0,0
BRDA:38,7,0,1
BRDA:67,8,0,1
BRDA:68,9,0,0
BRDA:74,10,0,62
BRDA:78,11,0,1
BRDA:84,12,0,1
BRDA:122,13,0,1
BRDA:124,14,0,0
BRDA:137,15,0,0
BRDA:138,16,0,0
BRDA:139,17,0,0
BRDA:144,18,0,0
BRDA:145,19,0,0
BRDA:148,20,0,0
BRDA:148,21,0,0
BRDA:149,22,0,0
BRDA:153,23,0,0
BRDA:153,24,0,0
BRDA:154,25,0,0
BRDA:154,26,0,0
BRDA:157,27,0,0
BRDA:161,28,0,0
BRDA:161,29,0,0
BRDA:175,30,0,0
BRDA:175,31,0,0
BRDA:191,32,0,0
BRDA:204,33,0,0
BRF:34
BRH:9
end_of_record
TN:
SF:server/routes/v1/auth.ts
FN:22,extractIdentityProviderUid
FN:30,randomPassword
FN:41,createAuthRoutes
FNF:3
FNH:1
FNDA:0,extractIdentityProviderUid
FNDA:0,randomPassword
FNDA:62,createAuthRoutes
DA:1,1
DA:3,1
DA:8,1
DA:9,1
DA:10,1
DA:11,1
DA:12,1
DA:13,1
DA:14,1
DA:15,1
DA:16,1
DA:22,0
DA:23,0
DA:24,0
DA:25,0
DA:26,0
DA:27,0
DA:28,0
DA:30,0
DA:31,0
DA:32,0
DA:33,0
DA:34,0
DA:35,0
DA:36,0
DA:37,0
DA:38,0
DA:39,0
DA:41,1
DA:42,62
DA:43,62
DA:45,62
DA:46,1
DA:47,1
DA:48,0
DA:49,0
DA:50,1
DA:51,1
DA:52,1
DA:53,62
DA:55,62
DA:56,77
DA:57,77
DA:58,77
DA:59,77
DA:60,1
DA:61,1
DA:62,76
DA:63,76
DA:64,76
DA:65,76
DA:66,76
DA:67,0
DA:68,0
DA:69,76
DA:70,76
DA:71,0
DA:72,0
DA:73,76
DA:74,76
DA:75,0
DA:76,0
DA:77,77
DA:78,0
DA:79,0
DA:80,0
DA:81,0
DA:82,0
DA:83,0
DA:84,0
DA:85,0
DA:86,0
DA:87,0
DA:88,0
DA:89,0
DA:90,0
DA:91,0
DA:92,0
DA:93,0
DA:94,0
DA:95,0
DA:96,0
DA:97,0
DA:98,0
DA:99,0
DA:100,0
DA:101,0
DA:102,0
DA:103,0
DA:104,0
DA:105,0
DA:106,0
DA:107,0
DA:108,0
DA:109,0
DA:110,0
DA:111,0
DA:112,0
DA:118,0
DA:119,0
DA:120,0
DA:121,0
DA:122,0
DA:123,0
DA:124,0
DA:125,0
DA:126,0
DA:127,0
DA:128,0
DA:129,0
DA:130,0
DA:131,0
DA:132,0
DA:133,0
DA:134,0
DA:135,0
DA:136,0
DA:137,0
DA:138,0
DA:139,0
DA:140,0
DA:141,0
DA:142,0
DA:143,0
DA:144,0
DA:145,0
DA:146,0
DA:147,0
DA:148,0
DA:149,0
DA:150,0
DA:151,0
DA:152,0
DA:153,0
DA:154,0
DA:155,0
DA:156,0
DA:157,0
DA:158,0
DA:159,0
DA:160,77
DA:161,77
DA:162,77
DA:163,0
DA:164,77
DA:165,0
DA:166,0
DA:167,76
DA:168,76
DA:169,76
DA:170,76
DA:171,77
DA:172,77
DA:173,77
DA:174,76
DA:175,76
DA:176,76
DA:177,76
DA:178,76
DA:179,76
DA:180,76
DA:181,76
DA:182,76
DA:183,76
DA:184,76
DA:185,76
DA:186,76
DA:187,77
DA:188,77
DA:189,77
DA:190,77
DA:191,77
DA:192,77
DA:193,77
DA:194,77
DA:195,77
DA:196,77
DA:197,62
DA:199,62
DA:200,0
DA:201,0
DA:202,0
DA:203,0
DA:204,0
DA:205,0
DA:206,0
DA:207,0
DA:208,0
DA:209,0
DA:210,0
DA:211,0
DA:212,0
DA:213,0
DA:214,0
DA:215,0
DA:216,0
DA:217,0
DA:218,0
DA:219,0
DA:220,62
DA:222,62
DA:223,0
DA:224,0
DA:225,0
DA:226,0
DA:227,0
DA:228,0
DA:229,0
DA:230,0
DA:231,0
DA:232,0
DA:233,0
DA:234,0
DA:235,0
DA:236,0
DA:237,0
DA:238,0
DA:239,0
DA:240,0
DA:241,0
DA:242,0
DA:243,0
DA:244,0
DA:245,0
DA:246,0
DA:247,0
DA:248,0
DA:249,0
DA:250,0
DA:251,0
DA:252,0
DA:253,0
DA:254,0
DA:255,0
DA:256,0
DA:257,0
DA:258,0
DA:259,0
DA:260,0
DA:261,0
DA:262,0
DA:263,0
DA:264,0
DA:265,0
DA:266,0
DA:267,0
DA:268,0
DA:269,0
DA:270,0
DA:271,0
DA:272,0
DA:273,0
DA:274,0
DA:275,62
DA:277,62
DA:278,62
LF:256
LH:79
BRDA:41,0,0,62
BRDA:45,1,0,1
BRDA:47,2,0,0
BRDA:51,3,0,0
BRDA:55,4,0,77
BRDA:59,5,0,1
BRDA:61,6,0,76
BRDA:66,7,0,0
BRDA:70,8,0,0
BRDA:74,9,0,0
BRDA:77,10,0,0
BRDA:159,11,0,76
BRDA:160,12,0,0
BRDA:160,13,0,76
BRDA:161,14,0,0
BRDA:161,15,0,76
BRDA:162,16,0,0
BRDA:162,17,0,0
BRDA:163,18,0,76
BRDA:164,19,0,0
BRDA:166,20,0,76
BRDA:171,21,0,58
BRDA:171,22,0,18
BRDA:172,23,0,0
BRDA:172,24,0,76
BRDA:173,25,0,76
BRF:26
BRH:14
end_of_record
TN:
SF:server/routes/v1/idp.ts
FN:10,extractUidFromName
FN:18,parseIdpType
FN:23,readOAuth2ConfigFromBody
FN:39,normalizeIdentityProviderRow
FN:61,createIdentityProviderRoutes
FNF:5
FNH:1
FNDA:0,extractUidFromName
FNDA:0,parseIdpType
FNDA:0,readOAuth2ConfigFromBody
FNDA:0,normalizeIdentityProviderRow
FNDA:62,createIdentityProviderRoutes
DA:1,1
DA:4,1
DA:5,1
DA:6,1
DA:8,1
DA:10,0
DA:11,0
DA:12,0
DA:13,0
DA:14,0
DA:15,0
DA:16,0
DA:18,0
DA:19,0
DA:20,0
DA:21,0
DA:23,0
DA:24,0
DA:25,0
DA:26,0
DA:27,0
DA:28,0
DA:29,0
DA:30,0
DA:31,0
DA:32,0
DA:33,0
DA:34,0
DA:35,0
DA:36,0
DA:37,0
DA:39,0
DA:40,0
DA:41,0
DA:42,0
DA:43,0
DA:44,0
DA:45,0
DA:46,0
DA:47,0
DA:48,0
DA:49,0
DA:50,0
DA:51,0
DA:52,0
DA:53,0
DA:54,0
DA:55,0
DA:56,0
DA:57,0
DA:58,0
DA:59,0
DA:61,1
DA:62,62
DA:63,62
DA:65,62
DA:66,0
DA:67,0
DA:68,0
DA:69,0
DA:70,0
DA:71,62
DA:73,62
DA:74,0
DA:75,0
DA:76,0
DA:77,0
DA:78,0
DA:79,0
DA:80,62
DA:82,62
DA:83,0
DA:84,0
DA:85,0
DA:86,0
DA:87,0
DA:96,0
DA:97,0
DA:98,0
DA:99,0
DA:100,0
DA:101,0
DA:102,0
DA:103,0
DA:104,0
DA:105,0
DA:106,0
DA:107,0
DA:108,0
DA:109,0
DA:110,0
DA:111,0
DA:112,0
DA:113,0
DA:114,0
DA:115,0
DA:116,0
DA:117,0
DA:119,0
DA:120,0
DA:121,0
DA:122,0
DA:123,0
DA:124,0
DA:125,0
DA:126,0
DA:127,0
DA:128,0
DA:129,0
DA:130,0
DA:131,0
DA:132,0
DA:133,0
DA:134,0
DA:135,0
DA:136,0
DA:137,0
DA:138,0
DA:139,0
DA:140,62
DA:142,62
DA:143,0
DA:144,0
DA:145,0
DA:146,0
DA:147,0
DA:148,0
DA:157,0
DA:158,0
DA:159,0
DA:160,0
DA:161,0
DA:162,0
DA:163,0
DA:164,0
DA:165,0
DA:166,0
DA:167,0
DA:168,0
DA:169,0
DA:170,0
DA:171,0
DA:172,0
DA:173,0
DA:174,0
DA:175,0
DA:176,0
DA:177,0
DA:178,0
DA:179,0
DA:180,0
DA:181,0
DA:182,0
DA:183,0
DA:184,0
DA:185,0
DA:186,0
DA:187,0
DA:188,0
DA:189,0
DA:190,0
DA:191,0
DA:192,0
DA:193,0
DA:194,0
DA:195,0
DA:196,0
DA:197,0
DA:198,0
DA:199,62
DA:201,62
DA:202,0
DA:203,0
DA:204,0
DA:205,0
DA:206,0
DA:207,0
DA:208,0
DA:209,0
DA:210,62
DA:212,62
DA:213,62
LF:182
LH:20
BRDA:61,0,0,62
BRF:1
BRH:1
end_of_record
TN:
SF:server/routes/v1/index.ts
FN:20,createV1App
FNF:1
FNH:1
FNDA:62,createV1App
DA:1,1
DA:4,1
DA:5,1
DA:6,1
DA:7,1
DA:8,1
DA:9,1
DA:10,1
DA:11,1
DA:12,1
DA:13,1
DA:14,1
DA:15,1
DA:16,1
DA:17,1
DA:18,1
DA:20,1
DA:21,62
DA:22,62
DA:24,62
DA:25,62
DA:27,62
DA:28,314
DA:29,314
DA:30,314
DA:31,314
DA:32,168
DA:33,168
DA:34,168
DA:35,168
DA:36,168
DA:37,167
DA:38,167
DA:39,167
DA:40,167
DA:41,167
DA:42,167
DA:43,0
DA:44,0
DA:45,167
DA:46,0
DA:47,0
DA:48,0
DA:49,167
DA:50,167
DA:51,167
DA:52,167
DA:53,167
DA:54,167
DA:55,167
DA:56,167
DA:57,168
DA:58,1
DA:59,1
DA:60,1
DA:61,1
DA:62,1
DA:63,1
DA:64,1
DA:65,1
DA:66,1
DA:67,1
DA:68,168
DA:69,147
DA:70,62
DA:72,62
DA:73,314
DA:74,314
DA:75,314
DA:76,3
DA:77,62
DA:79,62
DA:80,1
DA:81,1
DA:82,1
DA:83,1
DA:84,1
DA:85,1
DA:86,1
DA:87,1
DA:88,1
DA:89,1
DA:90,1
DA:91,1
DA:92,1
DA:93,1
DA:94,1
DA:95,1
DA:96,1
DA:97,1
DA:98,1
DA:99,1
DA:100,1
DA:101,1
DA:102,1
DA:103,1
DA:104,1
DA:105,1
DA:106,1
DA:107,62
DA:109,62
DA:110,62
DA:111,62
DA:112,62
DA:113,62
DA:114,62
DA:115,62
DA:116,62
DA:118,62
DA:119,0
DA:120,0
DA:122,62
DA:123,62
LF:113
LH:106
BRDA:20,0,0,62
BRDA:118,1,0,0
BRDA:27,2,0,314
BRDA:30,3,0,168
BRDA:30,4,0,168
BRDA:31,5,0,168
BRDA:33,6,0,0
BRDA:33,7,0,0
BRDA:36,8,0,167
BRDA:40,9,0,0
BRDA:42,10,0,0
BRDA:42,11,0,0
BRDA:45,12,0,0
BRDA:57,13,0,1
BRDA:63,14,0,0
BRDA:68,15,0,147
BRDA:72,16,0,314
BRDA:74,17,0,313
BRDA:74,18,0,190
BRDA:74,19,0,124
BRDA:75,20,0,121
BRDA:75,21,0,3
BRDA:79,22,0,1
BRDA:82,23,0,0
BRF:24
BRH:15
end_of_record
TN:
SF:server/routes/v1/instance.ts
FN:20,toNotificationApiResponse
FN:37,parseMemoRelatedFromRaw
FN:55,parseTagsFromRaw
FN:66,createInstanceRoutes
FN:74,orderSupportedStorageTypes
FNF:5
FNH:5
FNDA:6,toNotificationApiResponse
FNDA:1,parseMemoRelatedFromRaw
FNDA:1,parseTagsFromRaw
FNDA:62,createInstanceRoutes
FNDA:1,orderSupportedStorageTypes
DA:1,1
DA:4,1
DA:5,1
DA:6,1
DA:7,1
DA:11,1
DA:14,1
DA:20,6
DA:21,6
DA:22,6
DA:23,6
DA:25,6
DA:26,6
DA:27,6
DA:28,6
DA:30,1
DA:31,1
DA:32,1
DA:33,1
DA:34,1
DA:35,1
DA:37,1
DA:38,1
DA:39,1
DA:40,1
DA:41,1
DA:42,1
DA:43,0
DA:44,1
DA:45,1
DA:46,1
DA:47,1
DA:48,1
DA:49,1
DA:50,1
DA:51,0
DA:52,0
DA:53,1
DA:55,1
DA:56,1
DA:57,1
DA:58,1
DA:59,1
DA:60,1
DA:62,0
DA:63,0
DA:64,0
DA:66,1
DA:67,62
DA:68,62
DA:69,62
DA:70,0
DA:71,62
DA:72,0
DA:73,62
DA:74,62
DA:75,1
DA:76,1
DA:77,1
DA:78,0
DA:79,1
DA:80,1
DA:81,1
DA:82,1
DA:83,1
DA:85,62
DA:86,1
DA:87,1
DA:88,1
DA:89,1
DA:90,1
DA:91,1
DA:92,1
DA:93,1
DA:94,1
DA:95,62
DA:97,62
DA:98,9
DA:99,9
DA:100,9
DA:101,9
DA:102,9
DA:103,4
DA:104,4
DA:105,4
DA:106,4
DA:107,4
DA:108,4
DA:109,4
DA:110,4
DA:111,4
DA:112,4
DA:113,4
DA:114,4
DA:115,4
DA:116,4
DA:117,9
DA:118,1
DA:119,1
DA:120,1
DA:121,0
DA:122,0
DA:123,1
DA:124,1
DA:125,1
DA:126,1
DA:127,1
DA:128,1
DA:129,1
DA:130,1
DA:131,1
DA:132,1
DA:133,9
DA:134,1
DA:135,1
DA:136,1
DA:137,1
DA:138,1
DA:139,1
DA:140,9
DA:141,1
DA:142,1
DA:143,1
DA:144,1
DA:145,1
DA:146,1
DA:147,2
DA:148,2
DA:149,2
DA:150,2
DA:151,0
DA:152,0
DA:153,2
DA:154,2
DA:155,2
DA:156,2
DA:157,2
DA:158,2
DA:159,2
DA:160,2
DA:161,0
DA:162,0
DA:163,0
DA:164,0
DA:165,0
DA:166,0
DA:167,0
DA:168,0
DA:169,0
DA:170,0
DA:171,0
DA:172,0
DA:173,0
DA:174,0
DA:175,0
DA:177,0
DA:178,0
DA:179,0
DA:180,0
DA:181,0
DA:182,0
DA:183,0
DA:184,62
DA:186,62
DA:187,10
DA:188,10
DA:189,0
DA:190,0
DA:191,10
DA:192,10
DA:193,10
DA:194,10
DA:195,0
DA:196,0
DA:258,10
DA:259,10
DA:260,10
DA:261,10
DA:262,0
DA:263,0
DA:265,10
DA:266,4
DA:267,4
DA:268,0
DA:269,0
DA:270,4
DA:271,4
DA:272,4
DA:273,4
DA:274,4
DA:275,4
DA:276,4
DA:277,4
DA:278,4
DA:279,4
DA:280,4
DA:281,4
DA:282,4
DA:283,4
DA:284,4
DA:285,4
DA:286,4
DA:287,4
DA:288,4
DA:289,4
DA:290,4
DA:291,4
DA:292,4
DA:293,4
DA:294,4
DA:296,10
DA:297,1
DA:298,1
DA:299,0
DA:300,0
DA:301,1
DA:302,1
DA:303,0
DA:304,1
DA:305,1
DA:306,1
DA:307,1
DA:308,1
DA:309,1
DA:310,1
DA:311,1
DA:312,1
DA:313,1
DA:314,1
DA:315,1
DA:317,10
DA:318,1
DA:319,1
DA:320,0
DA:321,0
DA:322,1
DA:323,1
DA:324,0
DA:325,0
DA:326,1
DA:327,1
DA:328,1
DA:329,1
DA:330,1
DA:331,1
DA:333,10
DA:334,0
DA:335,0
DA:336,0
DA:337,0
DA:338,0
DA:339,0
DA:340,0
DA:341,0
DA:342,0
DA:343,0
DA:344,0
DA:345,0
DA:346,0
DA:347,0
DA:348,0
DA:349,0
DA:350,0
DA:351,0
DA:352,0
DA:353,0
DA:354,0
DA:355,0
DA:356,0
DA:357,0
DA:358,0
DA:359,0
DA:360,0
DA:361,0
DA:362,0
DA:363,0
DA:364,0
DA:365,0
DA:366,0
DA:367,0
DA:368,0
DA:369,0
DA:370,0
DA:371,0
DA:372,0
DA:373,0
DA:374,0
DA:375,0
DA:376,0
DA:377,0
DA:378,0
DA:379,0
DA:380,0
DA:381,0
DA:382,0
DA:383,0
DA:384,0
DA:385,0
DA:386,0
DA:387,0
DA:388,0
DA:389,0
DA:390,0
DA:391,0
DA:392,0
DA:393,0
DA:394,0
DA:395,0
DA:396,0
DA:397,0
DA:398,0
DA:399,0
DA:400,0
DA:401,0
DA:402,0
DA:404,4
DA:405,4
DA:406,4
DA:407,0
DA:408,0
DA:409,4
DA:410,4
DA:411,4
DA:412,4
DA:413,4
DA:414,4
DA:415,4
DA:416,4
DA:417,3
DA:418,1
DA:419,4
DA:420,4
DA:421,4
DA:422,4
DA:423,4
DA:424,0
DA:425,4
DA:426,4
DA:427,4
DA:428,4
DA:429,4
DA:430,4
DA:431,4
DA:432,4
DA:433,4
DA:434,4
DA:435,4
DA:436,4
DA:437,4
DA:439,0
DA:440,0
DA:441,0
DA:442,0
DA:443,0
DA:444,0
DA:445,0
DA:448,0
DA:449,0
DA:450,0
DA:451,0
DA:452,0
DA:453,0
DA:454,0
DA:455,0
DA:456,0
DA:457,0
DA:458,0
DA:459,0
DA:460,0
DA:461,0
DA:462,0
DA:463,0
DA:464,0
DA:465,0
DA:466,0
DA:467,0
DA:468,0
DA:469,0
DA:471,0
DA:472,0
DA:473,0
DA:474,0
DA:475,0
DA:476,0
DA:477,0
DA:478,0
DA:479,0
DA:481,0
DA:482,0
DA:483,0
DA:484,0
DA:485,0
DA:486,0
DA:488,0
DA:489,62
DA:491,62
DA:492,62
LF:397
LH:230
BRDA:20,0,0,6
BRDA:37,1,0,1
BRDA:38,2,0,0
BRDA:42,3,0,0
BRDA:46,4,0,0
BRDA:50,5,0,0
BRDA:55,6,0,1
BRDA:56,7,0,0
BRDA:60,8,0,0
BRDA:66,9,0,62
BRDA:69,10,0,0
BRDA:71,11,0,0
BRDA:74,12,0,1
BRDA:77,13,0,0
BRDA:81,14,0,2
BRDA:85,15,0,1
BRDA:86,16,0,0
BRDA:93,17,0,0
BRDA:97,18,0,9
BRDA:100,19,0,0
BRDA:102,20,0,4
BRDA:116,21,0,5
BRDA:117,22,0,1
BRDA:119,23,0,0
BRDA:120,24,0,0
BRDA:132,25,0,4
BRDA:133,26,0,1
BRDA:139,27,0,3
BRDA:140,28,0,1
BRDA:146,29,0,2
BRDA:149,30,0,0
BRDA:150,31,0,0
BRDA:160,32,0,0
BRDA:186,33,0,10
BRDA:188,34,0,0
BRDA:193,35,0,0
BRDA:194,36,0,0
BRDA:261,37,0,0
BRDA:265,38,0,4
BRDA:267,39,0,0
BRDA:294,40,0,6
BRDA:296,41,0,1
BRDA:298,42,0,0
BRDA:302,43,0,0
BRDA:306,44,0,0
BRDA:315,45,0,5
BRDA:317,46,0,1
BRDA:319,47,0,0
BRDA:323,48,0,0
BRDA:331,49,0,4
BRDA:333,50,0,0
BRDA:402,51,0,4
BRDA:406,52,0,0
BRDA:410,53,0,0
BRDA:413,54,0,3
BRDA:413,55,0,1
BRDA:414,56,0,0
BRDA:416,57,0,3
BRDA:416,58,0,3
BRDA:417,59,0,1
BRDA:420,60,0,3
BRDA:420,61,0,1
BRDA:423,62,0,1
BRDA:423,63,0,3
BRDA:423,64,0,0
BRDA:425,65,0,3
BRDA:425,66,0,1
BRDA:426,67,0,1
BRDA:426,68,0,3
BRDA:427,69,0,1
BRDA:427,70,0,3
BRDA:428,71,0,3
BRDA:428,72,0,1
BRDA:429,73,0,1
BRDA:429,74,0,3
BRDA:437,75,0,0
BRF:76
BRH:43
end_of_record
TN:
SF:server/routes/v1/memos.ts
FN:26,memoIdFromName
FN:31,canViewMemo
FN:43,createMemoRoutes
FN:47,memoToJsonWithAttachments
FN:85,buildFilteredBase
FN:268,hasPath
FN:680,createShareByTokenRoute
FN:683,memoToJsonWithAttachments
FNF:8
FNH:8
FNDA:1,memoIdFromName
FNDA:19,canViewMemo
FNDA:62,createMemoRoutes
FNDA:23,memoToJsonWithAttachments
FNDA:3,buildFilteredBase
FNDA:6,hasPath
FNDA:62,createShareByTokenRoute
FNDA:1,memoToJsonWithAttachments
DA:1,1
DA:5,1
DA:6,1
DA:7,1
DA:8,1
DA:9,1
DA:10,1
DA:14,1
DA:21,1
DA:22,1
DA:23,1
DA:24,1
DA:26,1
DA:27,1
DA:28,1
DA:29,1
DA:31,19
DA:32,19
DA:33,19
DA:34,19
DA:35,19
DA:36,19
DA:37,19
DA:38,12
DA:39,12
DA:40,11
DA:41,11
DA:43,1
DA:44,62
DA:45,62
DA:47,62
DA:48,23
DA:49,23
DA:50,23
DA:51,23
DA:52,23
DA:53,23
DA:54,23
DA:56,62
DA:57,8
DA:58,8
DA:59,8
DA:60,8
DA:61,8
DA:62,8
DA:63,8
DA:64,8
DA:65,0
DA:66,0
DA:67,0
DA:69,8
DA:70,8
DA:71,8
DA:72,0
DA:73,8
DA:74,8
DA:75,8
DA:76,8
DA:78,8
DA:79,2
DA:80,6
DA:82,8
DA:85,8
DA:86,3
DA:87,3
DA:88,3
DA:89,3
DA:91,3
DA:92,0
DA:93,0
DA:94,0
DA:95,0
DA:96,0
DA:97,3
DA:98,1
DA:99,3
DA:100,2
DA:101,2
DA:103,3
DA:104,3
DA:105,0
DA:106,3
DA:107,1
DA:108,2
DA:110,3
DA:111,3
DA:112,3
DA:113,1
DA:114,2
DA:115,0
DA:116,2
DA:117,3
DA:118,3
DA:119,3
DA:120,3
DA:121,1
DA:122,1
DA:123,1
DA:124,1
DA:125,1
DA:126,1
DA:127,1
DA:128,2
DA:129,3
DA:130,3
DA:132,8
DA:133,8
DA:135,8
DA:136,5
DA:137,1
DA:138,1
DA:139,1
DA:140,1
DA:141,1
DA:142,1
DA:143,5
DA:144,4
DA:145,4
DA:146,4
DA:147,4
DA:148,4
DA:149,4
DA:150,4
DA:151,5
DA:152,8
DA:153,3
DA:154,3
DA:155,0
DA:156,0
DA:157,3
DA:158,1
DA:159,1
DA:160,1
DA:161,1
DA:162,1
DA:163,1
DA:164,1
DA:165,1
DA:166,1
DA:167,3
DA:168,2
DA:169,2
DA:170,2
DA:171,2
DA:172,2
DA:173,2
DA:174,2
DA:175,3
DA:177,8
DA:178,8
DA:179,8
DA:180,8
DA:181,62
DA:183,62
DA:184,36
DA:185,36
DA:194,36
DA:195,36
DA:196,35
DA:197,36
DA:198,1
DA:199,1
DA:200,34
DA:201,34
DA:202,34
DA:203,34
DA:204,34
DA:205,34
DA:206,34
DA:207,34
DA:208,34
DA:209,34
DA:210,34
DA:211,34
DA:212,34
DA:213,34
DA:214,62
DA:216,62
DA:217,5
DA:218,5
DA:219,5
DA:220,5
DA:221,1
DA:222,1
DA:223,5
DA:224,1
DA:225,1
DA:226,1
DA:227,1
DA:228,0
DA:229,0
DA:230,1
DA:231,5
DA:232,0
DA:233,0
DA:234,5
DA:235,1
DA:236,1
DA:237,3
DA:238,62
DA:240,62
DA:241,2
DA:242,2
DA:243,2
DA:244,2
DA:245,2
DA:246,2
DA:247,0
DA:248,0
DA:260,2
DA:261,2
DA:262,2
DA:263,2
DA:264,2
DA:265,1
DA:266,1
DA:267,1
DA:268,1
DA:269,6
DA:270,6
DA:271,1
DA:272,0
DA:273,1
DA:274,2
DA:275,0
DA:276,0
DA:277,1
DA:278,1
DA:279,0
DA:280,1
DA:281,0
DA:282,1
DA:283,2
DA:284,2
DA:285,2
DA:286,2
DA:287,0
DA:288,1
DA:289,2
DA:290,2
DA:291,0
DA:292,1
DA:293,2
DA:294,2
DA:295,0
DA:296,1
DA:297,2
DA:298,2
DA:299,1
DA:300,1
DA:301,2
DA:302,1
DA:303,62
DA:305,62
DA:306,4
DA:307,4
DA:308,4
DA:309,4
DA:310,4
DA:311,4
DA:312,1
DA:313,1
DA:314,3
DA:315,1
DA:316,2
DA:317,2
DA:318,2
DA:319,3
DA:320,3
DA:321,62
DA:323,62
DA:324,1
DA:325,1
DA:326,1
DA:327,1
DA:328,0
DA:329,0
DA:330,1
DA:331,0
DA:332,0
DA:333,1
DA:334,1
DA:335,1
DA:336,1
DA:337,0
DA:338,0
DA:339,1
DA:340,1
DA:341,1
DA:342,1
DA:343,1
DA:344,0
DA:345,0
DA:347,1
DA:348,0
DA:349,0
DA:350,1
DA:351,0
DA:352,0
DA:353,1
DA:354,1
DA:355,1
DA:356,1
DA:357,1
DA:358,1
DA:359,1
DA:360,1
DA:361,1
DA:362,1
DA:363,1
DA:364,62
DA:365,62
DA:366,1
DA:367,1
DA:368,1
DA:369,1
DA:370,1
DA:371,0
DA:372,0
DA:373,1
DA:374,0
DA:375,0
DA:377,1
DA:378,1
DA:379,1
DA:380,1
DA:381,1
DA:382,1
DA:383,1
DA:384,62
DA:386,62
DA:387,1
DA:388,1
DA:389,1
DA:390,1
DA:391,0
DA:392,0
DA:393,1
DA:394,0
DA:395,0
DA:396,1
DA:397,1
DA:398,1
DA:399,1
DA:400,1
DA:401,1
DA:402,62
DA:404,62
DA:405,9
DA:406,9
DA:407,9
DA:408,9
DA:409,9
DA:410,0
DA:411,0
DA:412,9
DA:413,0
DA:414,0
DA:418,9
DA:419,9
DA:420,9
DA:421,9
DA:422,9
DA:423,0
DA:424,0
DA:425,9
DA:426,9
DA:427,9
DA:428,9
DA:429,9
DA:430,9
DA:431,9
DA:432,9
DA:433,9
DA:434,8
DA:435,1
DA:436,9
DA:437,9
DA:438,9
DA:439,9
DA:440,9
DA:441,9
DA:442,9
DA:443,8
DA:444,9
DA:446,8
DA:447,8
DA:448,8
DA:449,8
DA:450,8
DA:451,8
DA:452,8
DA:453,8
DA:454,8
DA:455,8
DA:456,2
DA:457,2
DA:458,2
DA:459,2
DA:460,2
DA:461,2
DA:462,2
DA:463,2
DA:464,2
DA:465,2
DA:466,2
DA:467,2
DA:468,2
DA:469,2
DA:470,2
DA:471,2
DA:472,2
DA:473,2
DA:474,2
DA:475,2
DA:476,2
DA:477,2
DA:478,2
DA:479,2
DA:480,2
DA:481,2
DA:482,2
DA:483,2
DA:484,2
DA:485,2
DA:486,2
DA:487,2
DA:488,2
DA:489,2
DA:490,2
DA:491,8
DA:492,9
DA:493,9
DA:494,62
DA:496,62
DA:497,2
DA:498,2
DA:499,2
DA:500,2
DA:501,2
DA:502,0
DA:503,0
DA:504,2
DA:505,2
DA:506,2
DA:507,1
DA:508,1
DA:509,1
DA:510,1
DA:511,1
DA:512,2
DA:513,2
DA:514,2
DA:515,2
DA:516,62
DA:518,62
DA:519,1
DA:520,1
DA:521,1
DA:522,1
DA:523,1
DA:524,1
DA:525,0
DA:526,0
DA:528,1
DA:529,1
DA:530,1
DA:531,1
DA:532,1
DA:533,1
DA:534,1
DA:535,1
DA:536,1
DA:537,1
DA:538,1
DA:539,1
DA:540,1
DA:541,1
DA:542,1
DA:543,1
DA:544,1
DA:545,1
DA:546,1
DA:547,1
DA:548,1
DA:549,62
DA:551,62
DA:552,1
DA:553,1
DA:554,1
DA:555,1
DA:556,1
DA:557,1
DA:558,1
DA:559,1
DA:560,1
DA:561,0
DA:562,0
DA:563,1
DA:564,1
DA:565,1
DA:566,62
DA:568,62
DA:569,1
DA:570,1
DA:571,1
DA:572,1
DA:573,1
DA:574,0
DA:575,0
DA:576,1
DA:577,1
DA:578,1
DA:579,1
DA:580,1
DA:581,1
DA:582,1
DA:583,1
DA:584,1
DA:585,1
DA:586,1
DA:587,1
DA:588,1
DA:589,1
DA:590,62
DA:592,62
DA:593,1
DA:594,1
DA:595,1
DA:596,1
DA:597,1
DA:598,1
DA:599,0
DA:600,0
DA:604,1
DA:605,1
DA:606,1
DA:607,1
DA:608,1
DA:609,1
DA:610,1
DA:611,1
DA:612,1
DA:613,1
DA:614,1
DA:615,1
DA:616,62
DA:618,62
DA:619,1
DA:620,1
DA:621,1
DA:622,1
DA:623,1
DA:624,1
DA:625,0
DA:626,0
DA:627,1
DA:628,1
DA:629,1
DA:630,1
DA:631,1
DA:632,1
DA:633,1
DA:634,1
DA:635,62
DA:637,62
DA:638,1
DA:639,1
DA:640,1
DA:641,1
DA:642,1
DA:643,1
DA:644,0
DA:645,0
DA:647,1
DA:648,1
DA:649,1
DA:650,1
DA:651,1
DA:652,1
DA:653,1
DA:654,1
DA:655,1
DA:656,1
DA:657,1
DA:658,1
DA:659,1
DA:660,1
DA:661,62
DA:663,62
DA:664,0
DA:665,0
DA:666,0
DA:667,0
DA:668,0
DA:669,0
DA:670,0
DA:671,0
DA:672,0
DA:673,0
DA:674,0
DA:675,62
DA:677,62
DA:678,62
DA:680,1
DA:681,62
DA:682,62
DA:683,62
DA:684,1
DA:685,1
DA:686,1
DA:687,1
DA:688,1
DA:689,1
DA:690,1
DA:691,62
DA:692,1
DA:693,1
DA:694,1
DA:695,1
DA:696,1
DA:697,62
DA:698,62
DA:699,62
LF:624
LH:546
BRDA:26,0,0,1
BRDA:27,1,0,0
BRDA:28,2,0,0
BRDA:31,3,0,19
BRDA:36,4,0,0
BRDA:37,5,0,8
BRDA:37,6,0,12
BRDA:37,7,0,11
BRDA:38,8,0,0
BRDA:38,9,0,11
BRDA:39,10,0,0
BRDA:39,11,0,11
BRDA:43,12,0,62
BRDA:47,13,0,23
BRDA:56,14,0,8
BRDA:60,15,0,0
BRDA:64,16,0,0
BRDA:71,17,0,0
BRDA:73,18,0,4
BRDA:74,19,0,5
BRDA:78,20,0,2
BRDA:79,21,0,6
BRDA:135,22,0,5
BRDA:136,23,0,1
BRDA:143,24,0,4
BRDA:151,25,0,0
BRDA:152,26,0,3
BRDA:154,27,0,0
BRDA:154,28,0,0
BRDA:154,29,0,0
BRDA:157,30,0,1
BRDA:166,31,0,0
BRDA:167,32,0,2
BRDA:173,33,0,0
BRDA:85,34,0,3
BRDA:86,35,0,1
BRDA:86,36,0,1
BRDA:86,37,0,2
BRDA:91,38,0,0
BRDA:97,39,0,1
BRDA:97,40,0,1
BRDA:99,41,0,2
BRDA:104,42,0,0
BRDA:106,43,0,1
BRDA:107,44,0,2
BRDA:112,45,0,1
BRDA:112,46,0,1
BRDA:113,47,0,2
BRDA:114,48,0,0
BRDA:117,49,0,1
BRDA:118,50,0,2
BRDA:118,51,0,1
BRDA:119,52,0,1
BRDA:119,53,0,2
BRDA:120,54,0,1
BRDA:121,55,0,1
BRDA:122,56,0,1
BRDA:127,57,0,2
BRDA:163,58,0,1
BRDA:178,59,0,9
BRDA:183,60,0,36
BRDA:185,61,0,0
BRDA:194,62,0,35
BRDA:195,63,0,0
BRDA:195,64,0,35
BRDA:197,65,0,1
BRDA:199,66,0,34
BRDA:216,67,0,5
BRDA:220,68,0,4
BRDA:220,69,0,1
BRDA:222,70,0,4
BRDA:223,71,0,1
BRDA:227,72,0,0
BRDA:230,73,0,4
BRDA:231,74,0,0
BRDA:233,75,0,4
BRDA:234,76,0,1
BRDA:236,77,0,3
BRDA:240,78,0,2
BRDA:242,79,0,0
BRDA:245,80,0,0
BRDA:246,81,0,0
BRDA:246,82,0,0
BRDA:261,83,0,0
BRDA:263,84,0,1
BRDA:263,85,0,1
BRDA:263,86,0,0
BRDA:263,87,0,1
BRDA:264,88,0,1
BRDA:271,89,0,0
BRDA:272,90,0,1
BRDA:274,91,0,0
BRDA:276,92,0,1
BRDA:278,93,0,0
BRDA:279,94,0,1
BRDA:280,95,0,0
BRDA:284,96,0,1
BRDA:284,97,0,0
BRDA:286,98,0,0
BRDA:286,99,0,0
BRDA:287,100,0,1
BRDA:290,101,0,0
BRDA:290,102,0,0
BRDA:291,103,0,1
BRDA:293,104,0,0
BRDA:293,105,0,1
BRDA:294,106,0,0
BRDA:295,107,0,1
BRDA:298,108,0,1
BRDA:301,109,0,0
BRDA:301,110,0,1
BRDA:268,111,0,6
BRDA:269,112,0,7
BRDA:305,113,0,4
BRDA:307,114,0,0
BRDA:310,115,0,0
BRDA:311,116,0,1
BRDA:311,117,0,1
BRDA:313,118,0,3
BRDA:314,119,0,2
BRDA:314,120,0,1
BRDA:323,121,0,1
BRDA:327,122,0,0
BRDA:330,123,0,0
BRDA:335,124,0,0
BRDA:336,125,0,0
BRDA:336,126,0,0
BRDA:343,127,0,0
BRDA:347,128,0,0
BRDA:350,129,0,0
BRDA:350,130,0,0
BRDA:356,131,0,0
BRDA:357,132,0,0
BRDA:362,133,0,0
BRDA:365,134,0,1
BRDA:367,135,0,0
BRDA:370,136,0,0
BRDA:373,137,0,0
BRDA:373,138,0,0
BRDA:381,139,0,0
BRDA:386,140,0,1
BRDA:390,141,0,0
BRDA:393,142,0,0
BRDA:398,143,0,1
BRDA:404,144,0,9
BRDA:406,145,0,0
BRDA:409,146,0,0
BRDA:412,147,0,0
BRDA:420,148,0,0
BRDA:422,149,0,0
BRDA:433,150,0,8
BRDA:433,151,0,8
BRDA:434,152,0,1
BRDA:436,153,0,3
BRDA:436,154,0,3
BRDA:436,155,0,6
BRDA:442,156,0,8
BRDA:444,157,0,8
BRDA:454,158,0,2
BRDA:454,159,0,6
BRDA:455,160,0,2
BRDA:496,161,0,2
BRDA:500,162,0,0
BRDA:501,163,0,0
BRDA:506,164,0,1
BRDA:518,165,0,1
BRDA:520,166,0,0
BRDA:523,167,0,0
BRDA:524,168,0,0
BRDA:530,169,0,0
BRDA:541,170,0,0
BRDA:540,171,0,1
BRDA:551,172,0,1
BRDA:553,173,0,0
BRDA:556,174,0,0
BRDA:559,175,0,0
BRDA:560,176,0,0
BRDA:560,177,0,0
BRDA:558,178,0,1
BRDA:568,179,0,1
BRDA:572,180,0,0
BRDA:573,181,0,0
BRDA:581,182,0,0
BRDA:584,183,0,0
BRDA:592,184,0,1
BRDA:594,185,0,0
BRDA:597,186,0,0
BRDA:598,187,0,0
BRDA:598,188,0,0
BRDA:610,189,0,0
BRDA:606,190,0,1
BRDA:608,191,0,0
BRDA:609,192,0,0
BRDA:609,193,0,0
BRDA:613,194,0,1
BRDA:618,195,0,1
BRDA:620,196,0,0
BRDA:623,197,0,0
BRDA:624,198,0,0
BRDA:624,199,0,0
BRDA:629,200,0,1
BRDA:637,201,0,1
BRDA:639,202,0,0
BRDA:642,203,0,0
BRDA:643,204,0,0
BRDA:643,205,0,0
BRDA:680,206,0,62
BRDA:683,207,0,1
BRDA:691,208,0,1
BRDA:693,209,0,0
BRDA:695,210,0,0
BRF:211
BRH:112
end_of_record
TN:
SF:server/routes/v1/sse.ts
FN:8,createSseRoutes
FNF:1
FNH:0
FNDA:0,createSseRoutes
DA:1,1
DA:3,1
DA:4,1
DA:6,1
DA:8,1
DA:9,0
DA:11,0
DA:12,0
DA:13,0
DA:15,0
DA:17,0
DA:18,0
DA:19,0
DA:21,0
DA:22,0
DA:23,0
DA:24,0
DA:25,0
DA:26,0
DA:27,0
DA:28,0
DA:30,0
DA:31,0
DA:32,0
DA:34,0
DA:35,0
DA:36,0
DA:38,0
DA:39,0
DA:40,0
DA:44,0
DA:46,0
DA:47,0
DA:48,0
DA:49,0
DA:50,0
DA:51,0
DA:52,0
DA:53,0
DA:54,0
DA:56,0
DA:57,0
LF:42
LH:5
BRF:0
BRH:0
end_of_record
TN:
SF:server/routes/v1/users.ts
FN:51,parseUserRolePatchValue
FN:57,parseUserStatePatchValue
FN:63,parsePageArgs
FN:85,hasPath
FN:90,validateUserWebhookUrl
FN:103,userNotificationToJson
FN:126,storedWebhooksToApi
FN:134,webhooksFromApiSettingBody
FN:161,createUserRoutes
FNF:9
FNH:8
FNDA:2,parseUserRolePatchValue
FNDA:3,parseUserStatePatchValue
FNDA:9,parsePageArgs
FNDA:58,hasPath
FNDA:4,validateUserWebhookUrl
FNDA:8,userNotificationToJson
FNDA:2,storedWebhooksToApi
FNDA:0,webhooksFromApiSettingBody
FNDA:62,createUserRoutes
DA:1,1
DA:2,1
DA:5,1
DA:6,1
DA:11,1
DA:12,1
DA:13,1
DA:14,1
DA:15,1
DA:16,1
DA:17,1
DA:20,1
DA:21,1
DA:22,1
DA:23,1
DA:24,1
DA:25,1
DA:26,1
DA:27,1
DA:28,1
DA:29,82
DA:30,82
DA:31,82
DA:32,0
DA:33,0
DA:36,1
DA:38,1
DA:39,1
DA:40,1
DA:41,1
DA:42,1
DA:43,1
DA:44,1
DA:45,1
DA:46,1
DA:47,1
DA:48,1
DA:49,1
DA:51,2
DA:52,2
DA:53,2
DA:54,1
DA:55,1
DA:57,3
DA:58,3
DA:59,3
DA:60,1
DA:61,1
DA:63,9
DA:64,9
DA:65,9
DA:66,9
DA:67,9
DA:68,9
DA:69,9
DA:70,4
DA:71,4
DA:72,4
DA:73,4
DA:74,3
DA:75,3
DA:76,1
DA:77,4
DA:78,0
DA:79,0
DA:80,1
DA:81,1
DA:82,6
DA:83,6
DA:85,58
DA:86,58
DA:87,58
DA:88,58
DA:90,4
DA:91,4
DA:92,4
DA:93,4
DA:94,4
DA:95,4
DA:96,4
DA:97,0
DA:98,0
DA:99,4
DA:100,4
DA:101,4
DA:103,8
DA:104,8
DA:105,8
DA:106,6
DA:107,2
DA:108,2
DA:109,0
DA:110,8
DA:111,8
DA:112,8
DA:113,8
DA:114,8
DA:115,8
DA:116,8
DA:117,8
DA:118,7
DA:119,7
DA:120,7
DA:121,7
DA:122,7
DA:123,8
DA:124,8
DA:126,2
DA:127,2
DA:128,2
DA:129,2
DA:130,2
DA:131,2
DA:132,2
DA:134,0
DA:135,0
DA:136,0
DA:137,0
DA:138,0
DA:139,0
DA:140,0
DA:141,0
DA:142,0
DA:143,0
DA:144,0
DA:145,0
DA:146,0
DA:147,0
DA:148,0
DA:149,0
DA:150,0
DA:151,0
DA:152,0
DA:153,0
DA:154,0
DA:155,0
DA:156,0
DA:157,0
DA:158,0
DA:159,0
DA:161,1
DA:162,62
DA:163,62
DA:165,62
DA:166,2
DA:167,2
DA:168,0
DA:169,0
DA:170,2
DA:171,0
DA:172,0
DA:173,2
DA:174,2
DA:175,0
DA:176,0
DA:177,2
DA:178,2
DA:179,2
DA:180,2
DA:181,0
DA:182,2
DA:183,2
DA:184,2
DA:185,2
DA:186,2
DA:187,62
DA:189,62
DA:190,82
DA:191,82
DA:192,82
DA:193,82
DA:194,0
DA:195,0
DA:196,82
DA:197,82
DA:198,82
DA:199,0
DA:200,0
DA:201,82
DA:202,82
DA:203,0
DA:204,0
DA:205,82
DA:206,0
DA:207,0
DA:208,82
DA:209,82
DA:210,82
DA:211,0
DA:212,0
DA:213,82
DA:214,82
DA:215,0
DA:216,0
DA:217,82
DA:218,0
DA:219,0
DA:220,82
DA:221,0
DA:222,0
DA:223,0
DA:224,0
DA:225,0
DA:226,0
DA:227,0
DA:228,0
DA:229,0
DA:230,0
DA:231,0
DA:232,0
DA:233,0
DA:234,0
DA:235,0
DA:236,82
DA:237,82
DA:238,82
DA:239,82
DA:240,82
DA:241,82
DA:242,82
DA:243,82
DA:244,82
DA:245,82
DA:246,62
DA:248,62
DA:249,0
DA:250,0
DA:251,0
DA:252,0
DA:254,0
DA:255,0
DA:256,0
DA:257,0
DA:258,0
DA:259,0
DA:260,0
DA:261,0
DA:262,0
DA:263,0
DA:264,0
DA:265,0
DA:266,0
DA:267,0
DA:268,0
DA:269,0
DA:270,0
DA:271,0
DA:272,62
DA:274,62
DA:276,62
DA:277,51
DA:278,0
DA:279,0
DA:280,51
DA:281,62
DA:283,62
DA:284,5
DA:285,5
DA:286,1
DA:287,1
DA:288,1
DA:289,1
DA:290,1
DA:291,1
DA:292,1
DA:293,1
DA:294,1
DA:295,1
DA:296,1
DA:297,1
DA:298,1
DA:299,1
DA:300,1
DA:301,1
DA:302,1
DA:303,1
DA:304,1
DA:305,1
DA:306,1
DA:307,1
DA:308,1
DA:309,1
DA:310,1
DA:311,1
DA:312,4
DA:313,5
DA:314,5
DA:315,62
DA:317,62
DA:318,10
DA:319,10
DA:320,10
DA:321,10
DA:322,0
DA:323,0
DA:324,10
DA:325,1
DA:326,1
DA:327,9
DA:341,9
DA:342,9
DA:343,9
DA:344,10
DA:345,0
DA:346,0
DA:347,9
DA:348,10
DA:349,10
DA:350,10
DA:351,1
DA:352,1
DA:353,8
DA:354,10
DA:355,1
DA:356,0
DA:357,0
DA:358,1
DA:359,1
DA:360,0
DA:361,0
DA:362,1
DA:363,0
DA:364,0
DA:365,1
DA:366,1
DA:367,1
DA:368,1
DA:370,8
DA:371,10
DA:372,1
DA:373,0
DA:374,0
DA:375,1
DA:376,1
DA:377,10
DA:378,0
DA:379,0
DA:380,10
DA:381,0
DA:382,0
DA:383,0
DA:384,0
DA:385,0
DA:386,0
DA:387,0
DA:388,0
DA:389,0
DA:390,0
DA:391,0
DA:392,0
DA:393,10
DA:394,0
DA:395,0
DA:396,10
DA:397,0
DA:398,0
DA:399,10
DA:400,2
DA:401,0
DA:402,0
DA:403,2
DA:404,2
DA:405,1
DA:406,1
DA:407,1
DA:408,1
DA:409,10
DA:410,3
DA:411,3
DA:412,1
DA:413,1
DA:414,2
DA:415,2
DA:416,6
DA:417,6
DA:418,10
DA:419,1
DA:420,1
DA:421,1
DA:422,1
DA:423,0
DA:424,0
DA:425,0
DA:426,0
DA:427,0
DA:428,1
DA:429,6
DA:430,10
DA:431,6
DA:432,62
DA:434,62
DA:435,0
DA:436,0
DA:437,0
DA:438,0
DA:439,0
DA:440,0
DA:441,0
DA:442,0
DA:443,0
DA:444,0
DA:445,62
DA:447,62
DA:448,2
DA:449,2
DA:450,2
DA:451,2
DA:452,0
DA:453,0
DA:454,2
DA:455,0
DA:456,0
DA:457,2
DA:458,2
DA:459,2
DA:460,2
DA:461,2
DA:462,2
DA:463,2
DA:464,2
DA:465,2
DA:466,2
DA:467,1
DA:468,1
DA:469,1
DA:470,3
DA:471,3
DA:472,1
DA:473,1
DA:474,1
DA:475,1
DA:476,1
DA:477,1
DA:478,0
DA:479,1
DA:480,1
DA:481,3
DA:482,1
DA:483,1
DA:484,1
DA:485,1
DA:486,1
DA:487,0
DA:488,1
DA:489,1
DA:490,1
DA:491,1
DA:492,1
DA:493,3
DA:494,0
DA:495,1
DA:496,3
DA:497,1
DA:498,2
DA:499,0
DA:500,0
DA:501,0
DA:502,0
DA:503,0
DA:504,0
DA:505,0
DA:506,1
DA:507,1
DA:508,1
DA:509,0
DA:510,1
DA:511,2
DA:512,62
DA:514,62
DA:515,0
DA:516,0
DA:517,0
DA:518,0
DA:519,0
DA:520,0
DA:521,0
DA:522,0
DA:523,0
DA:524,0
DA:525,0
DA:526,0
DA:527,0
DA:528,0
DA:529,0
DA:530,0
DA:531,0
DA:532,0
DA:533,0
DA:534,0
DA:535,0
DA:536,0
DA:537,0
DA:538,0
DA:539,0
DA:540,0
DA:541,0
DA:542,0
DA:543,0
DA:544,0
DA:545,0
DA:546,0
DA:547,0
DA:548,0
DA:549,0
DA:550,0
DA:551,0
DA:552,0
DA:553,0
DA:554,0
DA:555,0
DA:556,0
DA:557,0
DA:558,0
DA:559,62
DA:561,62
DA:562,2
DA:563,2
DA:564,2
DA:565,2
DA:566,0
DA:567,0
DA:568,2
DA:569,2
DA:570,0
DA:571,0
DA:573,2
DA:574,2
DA:575,2
DA:576,1
DA:577,1
DA:578,2
DA:579,0
DA:580,0
DA:581,0
DA:582,0
DA:583,0
DA:584,0
DA:585,0
DA:586,0
DA:587,1
DA:588,1
DA:589,1
DA:590,0
DA:591,1
DA:592,1
DA:593,1
DA:594,1
DA:595,1
DA:596,1
DA:597,1
DA:598,1
DA:599,1
DA:600,1
DA:601,0
DA:602,0
DA:603,0
DA:604,0
DA:605,0
DA:606,0
DA:607,0
DA:608,0
DA:609,0
DA:610,0
DA:611,0
DA:612,1
DA:613,1
DA:614,0
DA:615,0
DA:616,1
DA:617,1
DA:618,1
DA:619,1
DA:620,1
DA:621,1
DA:622,0
DA:623,2
DA:624,2
DA:625,0
DA:626,0
DA:627,0
DA:628,0
DA:629,0
DA:630,0
DA:631,0
DA:632,0
DA:633,0
DA:634,0
DA:635,0
DA:636,0
DA:637,0
DA:638,0
DA:639,2
DA:640,62
DA:642,62
DA:643,0
DA:644,0
DA:645,0
DA:646,0
DA:647,0
DA:648,0
DA:649,0
DA:650,0
DA:651,0
DA:652,0
DA:653,0
DA:654,0
DA:655,0
DA:656,0
DA:658,0
DA:659,0
DA:660,0
DA:661,0
DA:662,62
DA:664,62
DA:665,1
DA:666,1
DA:667,1
DA:668,1
DA:669,0
DA:670,0
DA:671,1
DA:672,0
DA:673,0
DA:681,1
DA:682,1
DA:683,1
DA:684,1
DA:685,0
DA:686,1
DA:687,1
DA:688,1
DA:689,1
DA:690,1
DA:691,1
DA:692,1
DA:694,1
DA:695,1
DA:696,62
DA:698,62
DA:699,0
DA:700,0
DA:701,0
DA:702,0
DA:703,0
DA:704,0
DA:705,0
DA:706,0
DA:707,0
DA:708,0
DA:709,0
DA:710,0
DA:711,62
DA:713,62
DA:714,2
DA:715,2
DA:716,2
DA:717,2
DA:718,0
DA:719,0
DA:720,2
DA:721,0
DA:722,0
DA:723,2
DA:724,2
DA:725,2
DA:726,1
DA:727,1
DA:728,1
DA:729,1
DA:730,0
DA:731,1
DA:732,2
DA:733,2
DA:734,2
DA:735,2
DA:736,2
DA:737,62
DA:739,62
DA:740,4
DA:741,4
DA:742,4
DA:743,4
DA:744,0
DA:745,0
DA:746,4
DA:747,0
DA:748,0
DA:750,4
DA:751,4
DA:752,4
DA:753,4
DA:754,4
DA:755,4
DA:756,4
DA:757,4
DA:758,4
DA:759,4
DA:760,62
DA:762,62
DA:763,1
DA:764,1
DA:765,1
DA:766,1
DA:767,0
DA:768,0
DA:769,1
DA:770,0
DA:771,0
DA:776,1
DA:777,1
DA:778,1
DA:779,1
DA:780,0
DA:781,0
DA:782,0
DA:783,0
DA:784,1
DA:785,1
DA:786,1
DA:787,1
DA:788,1
DA:789,1
DA:790,1
DA:791,1
DA:792,1
DA:793,1
DA:794,1
DA:795,1
DA:796,1
DA:797,1
DA:798,1
DA:799,1
DA:800,62
DA:802,62
DA:803,1
DA:804,1
DA:805,1
DA:806,1
DA:807,0
DA:808,0
DA:809,1
DA:810,0
DA:811,0
DA:812,1
DA:813,1
DA:814,1
DA:815,62
DA:817,62
DA:818,8
DA:819,8
DA:820,8
DA:821,8
DA:822,0
DA:823,0
DA:824,8
DA:825,1
DA:826,1
DA:827,7
DA:828,7
DA:829,7
DA:830,7
DA:831,62
DA:833,62
DA:834,5
DA:835,5
DA:836,5
DA:837,5
DA:838,0
DA:839,0
DA:840,5
DA:841,1
DA:842,1
DA:843,4
DA:844,5
DA:845,0
DA:846,0
DA:848,4
DA:849,5
DA:850,5
DA:851,1
DA:852,1
DA:853,3
DA:854,5
DA:855,5
DA:856,3
DA:857,5
DA:858,1
DA:859,1
DA:860,2
DA:861,5
DA:862,2
DA:863,62
DA:865,62
DA:866,1
DA:867,1
DA:868,1
DA:869,1
DA:870,0
DA:871,0
DA:872,1
DA:873,1
DA:874,1
DA:875,0
DA:876,1
DA:877,0
DA:878,0
DA:879,0
DA:880,0
DA:881,0
DA:882,62
DA:884,62
DA:885,3
DA:886,3
DA:887,3
DA:888,3
DA:889,0
DA:890,0
DA:891,3
DA:892,0
DA:893,0
DA:894,3
DA:895,3
DA:896,3
DA:897,2
DA:898,1
DA:899,1
DA:900,1
DA:901,2
DA:902,2
DA:903,2
DA:904,2
DA:905,0
DA:906,2
DA:907,3
DA:908,3
DA:909,3
DA:910,3
DA:911,3
DA:912,62
DA:914,62
DA:915,1
DA:916,1
DA:917,1
DA:918,1
DA:919,0
DA:920,0
DA:921,1
DA:922,0
DA:923,0
DA:924,1
DA:925,1
DA:926,1
DA:927,1
DA:928,1
DA:929,1
DA:930,1
DA:931,1
DA:932,1
DA:933,62
DA:935,62
DA:936,2
DA:937,2
DA:938,2
DA:939,2
DA:940,0
DA:941,0
DA:942,2
DA:943,0
DA:944,0
DA:946,2
DA:947,2
DA:948,2
DA:949,2
DA:950,2
DA:951,2
DA:952,2
DA:953,2
DA:954,2
DA:955,2
DA:956,2
DA:957,2
DA:958,2
DA:959,2
DA:960,2
DA:961,62
DA:963,62
DA:964,2
DA:965,2
DA:966,2
DA:967,2
DA:968,0
DA:969,0
DA:970,2
DA:971,0
DA:972,0
DA:974,2
DA:975,2
DA:976,2
DA:977,1
DA:978,1
DA:979,1
DA:980,2
DA:981,2
DA:982,2
DA:983,1
DA:984,1
DA:985,2
DA:986,1
DA:987,1
DA:988,1
DA:989,2
DA:990,2
DA:991,62
DA:993,62
DA:994,1
DA:995,1
DA:996,1
DA:997,1
DA:998,0
DA:999,0
DA:1000,1
DA:1001,0
DA:1002,0
DA:1003,1
DA:1004,1
DA:1005,1
DA:1006,62
DA:1009,62
DA:1010,0
DA:1011,0
DA:1012,0
DA:1013,0
DA:1014,0
DA:1015,0
DA:1016,0
DA:1017,0
DA:1018,0
DA:1019,0
DA:1020,0
DA:1021,0
DA:1022,0
DA:1023,0
DA:1024,0
DA:1025,0
DA:1026,0
DA:1027,62
DA:1029,62
DA:1030,0
DA:1031,0
DA:1032,0
DA:1033,0
DA:1034,0
DA:1035,0
DA:1036,0
DA:1037,0
DA:1038,0
DA:1039,0
DA:1040,0
DA:1041,0
DA:1042,0
DA:1043,0
DA:1044,0
DA:1045,0
DA:1046,0
DA:1047,62
DA:1049,62
DA:1050,0
DA:1051,0
DA:1052,0
DA:1053,0
DA:1054,0
DA:1055,0
DA:1056,0
DA:1057,0
DA:1058,0
DA:1059,0
DA:1060,0
DA:1061,0
DA:1062,0
DA:1063,62
DA:1065,62
DA:1067,62
DA:1068,62
LF:983
LH:605
BRDA:28,0,0,82
BRDA:29,1,0,0
BRDA:30,2,0,57
BRDA:30,3,0,25
BRDA:30,4,0,71
BRDA:30,5,0,57
BRDA:31,6,0,0
BRDA:31,7,0,71
BRDA:31,8,0,57
BRDA:31,9,0,0
BRDA:51,10,0,2
BRDA:52,11,0,1
BRDA:53,12,0,0
BRDA:53,13,0,1
BRDA:57,14,0,3
BRDA:58,15,0,1
BRDA:58,16,0,2
BRDA:59,17,0,1
BRDA:63,18,0,9
BRDA:67,19,0,7
BRDA:69,20,0,4
BRDA:69,21,0,4
BRDA:73,22,0,3
BRDA:75,23,0,1
BRDA:77,24,0,1
BRDA:77,25,0,0
BRDA:81,26,0,6
BRDA:85,27,0,58
BRDA:86,28,0,0
BRDA:87,29,0,73
BRDA:90,30,0,4
BRDA:92,31,0,0
BRDA:96,32,0,0
BRDA:99,33,0,0
BRDA:103,34,0,8
BRDA:105,35,0,6
BRDA:106,36,0,2
BRDA:108,37,0,0
BRDA:117,38,0,7
BRDA:126,39,0,2
BRDA:127,40,0,2
BRDA:161,41,0,62
BRDA:165,42,0,2
BRDA:167,43,0,0
BRDA:170,44,0,0
BRDA:174,45,0,0
BRDA:180,46,0,0
BRDA:183,47,0,2
BRDA:189,48,0,82
BRDA:193,49,0,0
BRDA:198,50,0,0
BRDA:198,51,0,0
BRDA:201,52,0,0
BRDA:202,53,0,0
BRDA:205,54,0,0
BRDA:209,55,0,58
BRDA:209,56,0,24
BRDA:209,57,0,0
BRDA:210,58,0,58
BRDA:210,59,0,0
BRDA:210,60,0,0
BRDA:213,61,0,0
BRDA:214,62,0,0
BRDA:217,63,0,0
BRDA:220,64,0,0
BRDA:236,65,0,0
BRDA:241,66,0,58
BRDA:241,67,0,24
BRDA:276,68,0,51
BRDA:277,69,0,0
BRDA:283,70,0,5
BRDA:285,71,0,1
BRDA:288,72,0,0
BRDA:290,73,0,0
BRDA:311,74,0,4
BRDA:313,75,0,0
BRDA:313,76,0,4
BRDA:314,77,0,1
BRDA:317,78,0,10
BRDA:319,79,0,0
BRDA:321,80,0,0
BRDA:324,81,0,6
BRDA:324,82,0,1
BRDA:326,83,0,9
BRDA:344,84,0,0
BRDA:346,85,0,9
BRDA:348,86,0,0
BRDA:348,87,0,9
BRDA:349,88,0,0
BRDA:350,89,0,9
BRDA:350,90,0,1
BRDA:352,91,0,8
BRDA:354,92,0,1
BRDA:355,93,0,0
BRDA:358,94,0,0
BRDA:359,95,0,0
BRDA:362,96,0,0
BRDA:368,97,0,8
BRDA:371,98,0,1
BRDA:372,99,0,0
BRDA:376,100,0,8
BRDA:377,101,0,0
BRDA:379,102,0,8
BRDA:380,103,0,0
BRDA:392,104,0,8
BRDA:393,105,0,0
BRDA:395,106,0,8
BRDA:396,107,0,0
BRDA:396,108,0,0
BRDA:398,109,0,8
BRDA:399,110,0,2
BRDA:400,111,0,0
BRDA:404,112,0,1
BRDA:408,113,0,7
BRDA:409,114,0,3
BRDA:411,115,0,1
BRDA:413,116,0,2
BRDA:415,117,0,6
BRDA:418,118,0,1
BRDA:422,119,0,0
BRDA:428,120,0,6
BRDA:430,121,0,0
BRDA:430,122,0,6
BRDA:447,123,0,2
BRDA:449,124,0,0
BRDA:451,125,0,0
BRDA:454,126,0,0
BRDA:454,127,0,0
BRDA:460,128,0,1
BRDA:466,129,0,1
BRDA:498,130,0,0
BRDA:505,131,0,1
BRDA:508,132,0,0
BRDA:509,133,0,1
BRDA:462,134,0,2
BRDA:469,135,0,3
BRDA:471,136,0,1
BRDA:473,137,0,0
BRDA:476,138,0,0
BRDA:477,139,0,0
BRDA:480,140,0,2
BRDA:481,141,0,1
BRDA:486,142,0,0
BRDA:493,143,0,1
BRDA:493,144,0,0
BRDA:494,145,0,1
BRDA:498,146,0,1
BRDA:561,147,0,2
BRDA:563,148,0,0
BRDA:565,149,0,0
BRDA:569,150,0,0
BRDA:569,151,0,0
BRDA:574,152,0,0
BRDA:575,153,0,1
BRDA:578,154,0,0
BRDA:586,155,0,1
BRDA:589,156,0,0
BRDA:592,157,0,0
BRDA:600,158,0,0
BRDA:613,159,0,0
BRDA:619,160,0,0
BRDA:621,161,0,0
BRDA:623,162,0,0
BRDA:624,163,0,0
BRDA:664,164,0,1
BRDA:666,165,0,0
BRDA:668,166,0,0
BRDA:671,167,0,0
BRDA:671,168,0,0
BRDA:684,169,0,0
BRDA:686,170,0,0
BRDA:690,171,0,0
BRDA:713,172,0,2
BRDA:715,173,0,0
BRDA:717,174,0,0
BRDA:720,175,0,0
BRDA:720,176,0,0
BRDA:725,177,0,1
BRDA:729,178,0,0
BRDA:730,179,0,1
BRDA:739,180,0,4
BRDA:741,181,0,0
BRDA:743,182,0,0
BRDA:746,183,0,0
BRDA:746,184,0,0
BRDA:751,185,0,0
BRDA:752,186,0,0
BRDA:754,187,0,0
BRDA:762,188,0,1
BRDA:764,189,0,0
BRDA:766,190,0,0
BRDA:769,191,0,0
BRDA:769,192,0,0
BRDA:777,193,0,0
BRDA:779,194,0,0
BRDA:791,195,0,0
BRDA:794,196,0,0
BRDA:793,197,0,1
BRDA:802,198,0,1
BRDA:804,199,0,0
BRDA:806,200,0,0
BRDA:809,201,0,0
BRDA:809,202,0,0
BRDA:813,203,0,0
BRDA:817,204,0,8
BRDA:819,205,0,0
BRDA:821,206,0,0
BRDA:824,207,0,1
BRDA:826,208,0,7
BRDA:829,209,0,6
BRDA:833,210,0,5
BRDA:835,211,0,0
BRDA:837,212,0,0
BRDA:840,213,0,1
BRDA:842,214,0,4
BRDA:844,215,0,0
BRDA:846,216,0,4
BRDA:849,217,0,0
BRDA:850,218,0,1
BRDA:852,219,0,3
BRDA:855,220,0,0
BRDA:855,221,0,3
BRDA:856,222,0,2
BRDA:857,223,0,2
BRDA:857,224,0,1
BRDA:861,225,0,0
BRDA:861,226,0,2
BRDA:865,227,0,1
BRDA:867,228,0,0
BRDA:869,229,0,0
BRDA:874,230,0,0
BRDA:876,231,0,0
BRDA:884,232,0,3
BRDA:886,233,0,0
BRDA:888,234,0,0
BRDA:891,235,0,0
BRDA:891,236,0,0
BRDA:896,237,0,1
BRDA:896,238,0,2
BRDA:904,239,0,0
BRDA:905,240,0,2
BRDA:897,241,0,1
BRDA:900,242,0,0
BRDA:914,243,0,1
BRDA:916,244,0,0
BRDA:918,245,0,0
BRDA:921,246,0,0
BRDA:921,247,0,0
BRDA:927,248,0,0
BRDA:931,249,0,0
BRDA:926,250,0,1
BRDA:935,251,0,2
BRDA:937,252,0,0
BRDA:939,253,0,0
BRDA:942,254,0,0
BRDA:942,255,0,0
BRDA:948,256,0,0
BRDA:954,257,0,0
BRDA:959,258,0,0
BRDA:963,259,0,2
BRDA:965,260,0,0
BRDA:967,261,0,0
BRDA:970,262,0,0
BRDA:970,263,0,0
BRDA:975,264,0,0
BRDA:976,265,0,1
BRDA:980,266,0,0
BRDA:981,267,0,0
BRDA:981,268,0,1
BRDA:982,269,0,1
BRDA:985,270,0,0
BRDA:985,271,0,1
BRDA:989,272,0,0
BRDA:984,273,0,1
BRDA:993,274,0,1
BRDA:995,275,0,0
BRDA:997,276,0,0
BRDA:1000,277,0,0
BRDA:1000,278,0,0
BRDA:1004,279,0,0
BRF:280
BRH:128
end_of_record
TN:
SF:server/services/attachment-storage-node-fs.ts
FN:1,(empty-report)
FNF:1
FNH:0
FNDA:0,(empty-report)
DA:1,0
DA:2,0
DA:9,0
DA:10,0
DA:11,0
DA:12,0
DA:14,0
DA:15,0
DA:16,0
DA:17,0
DA:18,0
DA:19,0
DA:20,0
DA:21,0
DA:22,0
DA:23,0
DA:24,0
DA:25,0
DA:26,0
DA:27,0
DA:28,0
DA:29,0
DA:30,0
DA:31,0
DA:32,0
DA:33,0
DA:34,0
DA:35,0
DA:36,0
DA:37,0
DA:38,0
DA:39,0
DA:40,0
DA:41,0
DA:42,0
DA:43,0
DA:44,0
DA:45,0
DA:47,0
DA:48,0
DA:49,0
DA:50,0
LF:42
LH:0
BRDA:1,0,0,0
BRF:1
BRH:0
end_of_record
TN:
SF:server/services/attachment-storage-r2.ts
FN:17,objectKeyFor
FN:22,createDbAttachmentStorage
FN:25,put
FN:32,get
FN:35,delete
FN:41,createR2AttachmentStorage
FN:73,createS3AttachmentStorage
FNF:7
FNH:2
FNDA:0,objectKeyFor
FNDA:2,createDbAttachmentStorage
FNDA:1,put
FNDA:0,get
FNDA:0,delete
FNDA:0,createR2AttachmentStorage
FNDA:0,createS3AttachmentStorage
DA:2,1
DA:8,1
DA:15,1
DA:17,0
DA:18,0
DA:19,0
DA:20,0
DA:22,1
DA:23,2
DA:24,2
DA:25,2
DA:26,1
DA:27,1
DA:28,1
DA:29,1
DA:30,1
DA:31,1
DA:32,2
DA:33,0
DA:34,0
DA:35,2
DA:37,0
DA:38,2
DA:39,2
DA:41,1
DA:42,0
DA:43,0
DA:44,0
DA:45,0
DA:46,0
DA:47,0
DA:48,0
DA:49,0
DA:50,0
DA:51,0
DA:52,0
DA:53,0
DA:54,0
DA:55,0
DA:56,0
DA:57,0
DA:58,0
DA:59,0
DA:60,0
DA:61,0
DA:62,0
DA:63,0
DA:64,0
DA:65,0
DA:66,0
DA:67,0
DA:68,0
DA:69,0
DA:70,0
DA:71,0
DA:73,1
DA:81,0
DA:82,0
DA:83,0
DA:84,0
DA:85,0
DA:86,0
DA:87,0
DA:88,0
DA:89,0
DA:90,0
DA:91,0
DA:92,0
DA:93,0
DA:94,0
DA:95,0
DA:96,0
DA:97,0
DA:98,0
DA:99,0
DA:100,0
DA:101,0
DA:102,0
DA:104,0
DA:105,0
DA:106,0
DA:107,0
DA:108,0
DA:109,0
DA:110,0
DA:111,0
DA:112,0
DA:113,0
DA:114,0
DA:115,0
DA:116,0
DA:117,0
DA:118,0
DA:119,0
DA:120,0
DA:121,0
DA:122,0
DA:124,0
DA:125,0
DA:126,0
DA:127,0
DA:128,0
DA:129,0
DA:130,0
DA:131,0
DA:132,0
DA:133,0
DA:134,0
DA:135,0
DA:136,0
DA:137,0
DA:138,0
DA:139,0
DA:140,0
DA:141,0
DA:142,0
DA:143,0
DA:144,0
DA:145,0
DA:146,0
DA:147,0
DA:148,0
DA:149,0
DA:150,0
DA:151,0
DA:152,0
DA:153,0
DA:154,0
DA:155,0
DA:156,0
DA:157,0
DA:158,0
DA:159,0
DA:160,0
DA:161,0
DA:162,0
DA:163,0
DA:164,0
DA:165,0
DA:166,0
DA:167,0
DA:168,0
DA:169,0
DA:170,0
DA:171,0
DA:172,0
DA:173,0
DA:174,0
DA:175,0
DA:176,0
DA:177,0
DA:178,0
DA:179,0
DA:180,0
DA:181,0
DA:182,0
DA:183,0
DA:184,0
DA:185,0
DA:186,0
DA:187,0
DA:188,0
DA:189,0
DA:190,0
DA:191,0
DA:192,0
DA:193,0
LF:167
LH:19
BRDA:22,0,0,2
BRDA:25,1,0,1
BRF:2
BRH:2
end_of_record
TN:
SF:server/services/attachment-storage-resolver.ts
FN:10,resolveAttachmentStorage
FNF:1
FNH:1
FNDA:2,resolveAttachmentStorage
DA:2,1
DA:3,1
DA:10,2
DA:11,2
DA:12,2
DA:13,2
DA:14,2
DA:15,2
DA:16,2
DA:17,0
DA:18,0
DA:19,0
DA:20,0
DA:21,0
DA:22,0
DA:24,0
DA:25,0
DA:26,0
DA:27,0
DA:28,0
DA:31,0
DA:32,0
DA:33,0
DA:34,0
DA:35,0
DA:36,0
DA:37,0
DA:38,0
DA:39,0
DA:40,0
DA:41,0
DA:42,0
DA:43,0
DA:44,0
DA:45,0
DA:46,0
DA:47,0
DA:48,2
DA:49,2
DA:50,2
DA:51,2
DA:52,2
DA:53,2
LF:43
LH:15
BRDA:10,0,0,2
BRDA:16,1,0,0
BRF:2
BRH:1
end_of_record
TN:
SF:server/services/attachment-storage.ts
FN:25,AttachmentStorageConfigError
FN:31,parseAttachmentStorageMode
FNF:2
FNH:0
FNDA:0,AttachmentStorageConfigError
FNDA:0,parseAttachmentStorageMode
DA:24,1
DA:25,1
DA:26,0
DA:27,0
DA:28,0
DA:29,1
DA:31,1
DA:32,0
DA:33,0
DA:34,0
DA:35,0
DA:36,0
DA:37,0
DA:38,0
DA:39,0
DA:40,0
DA:41,0
DA:42,0
DA:43,0
LF:19
LH:4
BRF:0
BRH:0
end_of_record
TN:
SF:server/services/crypto-util.ts
FN:1,sha256Hex
FN:11,randomTokenHex
FNF:2
FNH:2
FNDA:2,sha256Hex
FNDA:1,randomTokenHex
DA:1,2
DA:2,2
DA:3,2
DA:4,2
DA:5,2
DA:6,2
DA:7,2
DA:8,2
DA:9,2
DA:11,1
DA:12,1
DA:13,1
DA:14,1
LF:13
LH:13
BRDA:1,0,0,2
BRDA:7,1,0,64
BRDA:11,2,0,1
BRDA:13,3,0,24
BRF:4
BRH:4
end_of_record
TN:
SF:server/services/jwt-access.ts
FN:8,signAccessToken
FN:34,verifyAccessToken
FNF:2
FNH:2
FNDA:76,signAccessToken
FNDA:169,verifyAccessToken
DA:1,1
DA:4,1
DA:5,1
DA:6,1
DA:8,76
DA:14,76
DA:15,76
DA:16,76
DA:17,76
DA:18,76
DA:19,76
DA:20,76
DA:21,76
DA:22,76
DA:23,76
DA:24,76
DA:25,76
DA:26,76
DA:27,76
DA:28,76
DA:29,76
DA:30,76
DA:31,76
DA:32,76
DA:34,169
DA:35,169
DA:36,169
DA:37,169
DA:38,169
DA:39,169
DA:40,169
DA:41,169
DA:42,169
DA:43,169
DA:44,169
DA:45,169
DA:46,169
DA:47,169
DA:48,169
DA:49,169
DA:50,169
DA:51,169
DA:52,169
DA:53,169
DA:54,169
DA:55,169
DA:56,169
DA:57,1
DA:58,1
DA:59,169
LF:50
LH:50
BRDA:8,0,0,76
BRDA:21,1,0,0
BRDA:34,2,0,169
BRDA:44,3,0,168
BRDA:45,4,0,0
BRDA:46,5,0,0
BRDA:46,6,0,168
BRDA:47,7,0,0
BRDA:48,8,0,168
BRDA:48,9,0,0
BRDA:49,10,0,134
BRDA:49,11,0,34
BRDA:50,12,0,168
BRDA:50,13,0,0
BRDA:53,14,0,168
BRDA:53,15,0,0
BRDA:56,16,0,1
BRF:17
BRH:10
end_of_record
TN:
SF:server/services/jwt-refresh.ts
FN:8,signRefreshToken
FN:30,verifyRefreshToken
FNF:2
FNH:1
FNDA:76,signRefreshToken
FNDA:0,verifyRefreshToken
DA:1,1
DA:4,1
DA:5,1
DA:6,1
DA:8,76
DA:12,76
DA:13,76
DA:14,76
DA:15,76
DA:16,76
DA:17,76
DA:18,76
DA:19,76
DA:20,76
DA:21,76
DA:22,76
DA:23,76
DA:24,76
DA:25,76
DA:26,76
DA:27,76
DA:28,76
DA:30,0
DA:31,0
DA:32,0
DA:33,0
DA:34,0
DA:35,0
DA:36,0
DA:37,0
DA:38,0
DA:39,0
DA:40,0
DA:41,0
DA:42,0
DA:43,0
DA:44,0
DA:45,0
DA:46,0
DA:47,0
DA:48,0
DA:49,0
DA:50,0
DA:51,0
LF:44
LH:22
BRDA:8,0,0,76
BRF:1
BRH:1
end_of_record
TN:
SF:server/services/markdown.ts
FN:3,renderMarkdown
FN:9,extractTags
FNF:2
FNH:1
FNDA:0,renderMarkdown
FNDA:99,extractTags
DA:1,1
DA:3,1
DA:4,0
DA:5,0
DA:7,1
DA:9,1
DA:10,99
DA:11,99
DA:12,99
DA:13,99
DA:14,5
DA:15,5
DA:16,99
DA:17,99
LF:14
LH:12
BRDA:9,0,0,99
BRDA:13,1,0,5
BRF:2
BRH:2
end_of_record
TN:
SF:server/services/memo-content-props.ts
FN:14,contentHasCode
FN:18,contentHasLink
FN:22,contentHasTaskList
FN:26,contentHasIncompleteTasks
FN:31,extractTitleHint
FN:44,deriveMemoProperty
FNF:6
FNH:6
FNDA:46,contentHasCode
FNDA:46,contentHasLink
FNDA:46,contentHasTaskList
FNDA:46,contentHasIncompleteTasks
FNDA:46,extractTitleHint
FNDA:46,deriveMemoProperty
DA:6,1
DA:8,1
DA:10,1
DA:12,1
DA:14,1
DA:15,46
DA:16,46
DA:18,1
DA:19,46
DA:20,46
DA:22,1
DA:23,46
DA:24,46
DA:26,1
DA:27,46
DA:28,46
DA:31,1
DA:32,46
DA:33,46
DA:34,46
DA:35,46
DA:36,46
DA:37,46
DA:38,46
DA:39,46
DA:40,46
DA:41,0
DA:42,0
DA:44,1
DA:45,46
DA:46,46
DA:47,46
DA:48,46
DA:49,46
DA:50,46
DA:51,46
DA:52,46
DA:53,46
DA:54,46
DA:55,46
DA:56,46
LF:41
LH:39
BRDA:14,0,0,46
BRDA:18,1,0,46
BRDA:22,2,0,46
BRDA:26,3,0,46
BRDA:31,4,0,46
BRDA:35,5,0,0
BRDA:40,6,0,0
BRDA:44,7,0,46
BRF:8
BRH:6
end_of_record
TN:
SF:server/services/notification-email-node.ts
FN:1,(empty-report)
FNF:1
FNH:0
FNDA:0,(empty-report)
DA:1,0
DA:4,0
DA:5,0
DA:6,0
DA:7,0
DA:8,0
DA:9,0
DA:10,0
DA:11,0
DA:12,0
DA:13,0
DA:14,0
DA:15,0
DA:16,0
DA:17,0
DA:18,0
DA:19,0
DA:21,0
DA:22,0
DA:23,0
DA:25,0
DA:26,0
DA:27,0
DA:28,0
DA:29,0
DA:30,0
DA:31,0
DA:32,0
LF:28
LH:0
BRDA:1,0,0,0
BRF:1
BRH:0
end_of_record
TN:
SF:server/services/oauth2-idp.ts
FN:18,asRecord
FN:23,readString
FN:27,readStringArray
FN:32,parseOAuth2Config
FN:62,readJsonOrForm
FN:74,getOAuthRequestHeaders
FN:82,exchangeOAuth2Token
FN:112,pickClaim
FN:124,fetchOAuth2UserInfo
FNF:9
FNH:0
FNDA:0,asRecord
FNDA:0,readString
FNDA:0,readStringArray
FNDA:0,parseOAuth2Config
FNDA:0,readJsonOrForm
FNDA:0,getOAuthRequestHeaders
FNDA:0,exchangeOAuth2Token
FNDA:0,pickClaim
FNDA:0,fetchOAuth2UserInfo
DA:18,0
DA:19,0
DA:20,0
DA:21,0
DA:23,0
DA:24,0
DA:25,0
DA:27,0
DA:28,0
DA:29,0
DA:30,0
DA:32,1
DA:33,0
DA:34,0
DA:35,0
DA:36,0
DA:37,0
DA:38,0
DA:39,0
DA:40,0
DA:41,0
DA:42,0
DA:43,0
DA:44,0
DA:45,0
DA:46,0
DA:47,0
DA:48,0
DA:49,0
DA:50,0
DA:51,0
DA:52,0
DA:53,0
DA:54,0
DA:55,0
DA:56,0
DA:57,0
DA:58,0
DA:59,0
DA:60,0
DA:62,0
DA:63,0
DA:64,0
DA:65,0
DA:66,0
DA:67,0
DA:68,0
DA:69,0
DA:70,0
DA:71,0
DA:72,0
DA:74,0
DA:75,0
DA:76,0
DA:77,0
DA:78,0
DA:79,0
DA:80,0
DA:82,0
DA:87,0
DA:88,0
DA:89,0
DA:90,0
DA:91,0
DA:92,0
DA:93,0
DA:94,0
DA:95,0
DA:96,0
DA:97,0
DA:98,0
DA:99,0
DA:100,0
DA:101,0
DA:102,0
DA:103,0
DA:104,0
DA:105,0
DA:106,0
DA:107,0
DA:108,0
DA:109,0
DA:110,0
DA:112,0
DA:113,0
DA:114,0
DA:115,0
DA:116,0
DA:117,0
DA:118,0
DA:119,0
DA:120,0
DA:121,0
DA:122,0
DA:124,0
DA:132,0
DA:133,0
DA:134,0
DA:135,0
DA:136,0
DA:137,0
DA:138,0
DA:139,0
DA:140,0
DA:141,0
DA:142,0
DA:143,0
DA:144,0
DA:145,0
DA:146,0
DA:147,0
DA:148,0
DA:149,0
DA:150,0
DA:151,0
DA:152,0
DA:153,0
LF:117
LH:1
BRF:0
BRH:0
end_of_record
TN:
SF:server/services/password.ts
FN:3,toB64url
FN:10,fromB64url
FN:19,hashPassword
FN:43,verifyPassword
FNF:4
FNH:4
FNDA:164,toB64url
FNDA:152,fromB64url
FNDA:82,hashPassword
FNDA:76,verifyPassword
DA:1,1
DA:3,164
DA:4,164
DA:5,164
DA:6,164
DA:7,164
DA:8,164
DA:10,152
DA:11,152
DA:12,152
DA:13,152
DA:14,152
DA:15,152
DA:16,152
DA:17,152
DA:19,82
DA:20,82
DA:21,82
DA:22,82
DA:23,82
DA:24,82
DA:25,82
DA:26,82
DA:27,82
DA:28,82
DA:29,82
DA:30,82
DA:31,82
DA:32,82
DA:33,82
DA:34,82
DA:35,82
DA:36,82
DA:37,82
DA:38,82
DA:39,82
DA:40,82
DA:41,82
DA:43,76
DA:44,76
DA:45,76
DA:46,76
DA:47,76
DA:48,76
DA:49,76
DA:50,76
DA:51,76
DA:52,76
DA:53,76
DA:54,76
DA:55,76
DA:56,76
DA:57,76
DA:58,76
DA:59,76
DA:60,76
DA:61,76
DA:62,76
DA:63,76
DA:64,76
DA:65,76
DA:66,76
DA:67,76
DA:68,76
DA:69,76
DA:70,76
DA:71,76
DA:72,76
DA:73,76
DA:74,76
DA:75,76
LF:71
LH:71
BRDA:3,0,0,164
BRDA:5,1,0,3936
BRDA:10,2,0,152
BRDA:15,3,0,3648
BRDA:19,4,0,82
BRDA:43,5,0,76
BRDA:48,6,0,0
BRDA:71,7,0,0
BRDA:73,8,0,2432
BRF:9
BRH:7
end_of_record
TN:
SF:server/services/user-webhook-dispatch.ts
FN:14,postJsonWithTimeout
FN:33,dispatchMemoCommentWebhooks
FNF:2
FNH:2
FNDA:1,postJsonWithTimeout
FNDA:8,dispatchMemoCommentWebhooks
DA:14,1
DA:15,1
DA:16,1
DA:17,1
DA:18,1
DA:19,1
DA:20,1
DA:21,1
DA:22,1
DA:23,1
DA:24,1
DA:25,1
DA:26,1
DA:27,1
DA:33,8
DA:39,8
DA:40,8
DA:41,8
DA:42,8
DA:44,1
DA:45,1
DA:46,1
DA:47,1
DA:48,1
DA:49,1
DA:50,1
DA:51,1
DA:52,1
DA:53,1
DA:55,1
DA:56,1
DA:57,1
DA:58,1
DA:59,1
DA:60,1
DA:61,1
LF:36
LH:36
BRDA:14,0,0,1
BRDA:33,1,0,8
BRDA:40,2,0,0
BRDA:42,3,0,7
BRDA:42,4,0,1
BRDA:57,5,0,1
BRDA:58,6,0,1
BRDA:59,7,0,1
BRF:8
BRH:7
end_of_record
TN:
SF:server/types/api-variables.ts
FN:1,(empty-report)
FNF:1
FNH:1
FNDA:1,(empty-report)
LF:0
LH:0
BRDA:1,0,0,1
BRF:1
BRH:1
end_of_record
TN:
SF:server/types/auth.ts
FN:1,(empty-report)
FNF:1
FNH:1
FNDA:1,(empty-report)
LF:0
LH:0
BRDA:1,0,0,1
BRF:1
BRH:1
end_of_record
TN:
SF:server/types/bindings.ts
FN:1,(empty-report)
FNF:1
FNH:1
FNDA:1,(empty-report)
LF:0
LH:0
BRDA:1,0,0,1
BRF:1
BRH:1
end_of_record
TN:
SF:server/types/deps.ts
FN:1,(empty-report)
FNF:1
FNH:1
FNDA:1,(empty-report)
LF:0
LH:0
BRDA:1,0,0,1
BRF:1
BRH:1
end_of_record
